#
# There is insufficient memory for the Java Runtime Environment to continue.
# Native memory allocation (malloc) failed to allocate 1866736 bytes for Chunk::new
# Possible reasons:
#   The system is out of physical RAM or swap space
#   The process is running with CompressedOops enabled, and the Java Heap may be blocking the growth of the native heap
# Possible solutions:
#   Reduce memory load on the system
#   Increase physical memory or swap space
#   Check if swap backing store is full
#   Decrease Java heap size (-Xmx/-Xms)
#   Decrease number of Java threads
#   Decrease Java thread stack sizes (-Xss)
#   Set larger code cache with -XX:ReservedCodeCacheSize=
#   JVM is running with Unscaled Compressed Oops mode in which the Java heap is
#     placed in the first 4GB address space. The Java Heap base address is the
#     maximum limit for the native heap growth. Please use -XX:HeapBaseMinAddress
#     to set the Java Heap base and to place the Java Heap above 4GB virtual address.
# This output file may be truncated or incomplete.
#
#  Out of Memory Error (./src/hotspot/share/memory/arena.cpp:197), pid=12256, tid=11452
#
# JRE version: OpenJDK Runtime Environment (11.0.11+9) (build 11.0.11+9-b60-7590822)
# Java VM: OpenJDK 64-Bit Server VM (11.0.11+9-b60-7590822, mixed mode, tiered, compressed oops, g1 gc, windows-amd64)
# No core dump will be written. Minidumps are not enabled by default on client versions of Windows
#

---------------  S U M M A R Y ------------

Command Line: --add-opens=java.base/java.util=ALL-UNNAMED --add-opens=java.base/java.lang=ALL-UNNAMED --add-opens=java.base/java.lang.invoke=ALL-UNNAMED --add-opens=java.base/java.util=ALL-UNNAMED --add-opens=java.prefs/java.util.prefs=ALL-UNNAMED --add-opens=java.prefs/java.util.prefs=ALL-UNNAMED --add-opens=java.base/java.nio.charset=ALL-UNNAMED --add-opens=java.base/java.net=ALL-UNNAMED --add-opens=java.base/java.util.concurrent.atomic=ALL-UNNAMED -Xmx2048m -Dfile.encoding=UTF-8 -Duser.country=US -Duser.language=en -Duser.variant org.gradle.launcher.daemon.bootstrap.GradleDaemon 7.2

Host: Intel(R) Core(TM) i5-9300H CPU @ 2.40GHz, 8 cores, 15G,  Windows 10 , 64 bit Build 22000 (10.0.22000.434)
Time: Tue Apr 19 11:56:02 2022 India Standard Time elapsed time: 3.901291 seconds (0d 0h 0m 3s)

---------------  T H R E A D  ---------------

Current thread (0x00000271c1213800):  JavaThread "C2 CompilerThread0" daemon [_thread_in_native, id=11452, stack(0x0000008cfeb00000,0x0000008cfec00000)]


Current CompileTask:
C2:   3901 3071       4       java.lang.invoke.MethodType::makeImpl (108 bytes)

Stack: [0x0000008cfeb00000,0x0000008cfec00000]
Native frames: (J=compiled Java code, j=interpreted, Vv=VM code, C=native code)
V  [jvm.dll+0x5f214a]
V  [jvm.dll+0x726fb5]
V  [jvm.dll+0x7285cd]
V  [jvm.dll+0x728c83]
V  [jvm.dll+0x243278]
V  [jvm.dll+0xbc53c]
V  [jvm.dll+0xbca3c]
V  [jvm.dll+0x353e7d]
V  [jvm.dll+0x321893]
V  [jvm.dll+0x320d8a]
V  [jvm.dll+0x1fc1e2]
V  [jvm.dll+0x1fb3d4]
V  [jvm.dll+0x183d6c]
V  [jvm.dll+0x209a57]
V  [jvm.dll+0x2082a1]
V  [jvm.dll+0x6ef58f]
V  [jvm.dll+0x6e80b5]
V  [jvm.dll+0x5f1036]
C  [ucrtbase.dll+0x26c0c]
C  [KERNEL32.DLL+0x154e0]
C  [ntdll.dll+0x485b]


---------------  P R O C E S S  ---------------

Threads class SMR info:
_java_thread_list=0x00000271c684b750, length=40, elements={
0x00000271a4502800, 0x00000271c11a7800, 0x00000271c11b3000, 0x00000271c120c800,
0x00000271c120e800, 0x00000271c120f800, 0x00000271c1213800, 0x00000271c1215000,
0x00000271c121c000, 0x00000271c137f000, 0x00000271c30b5000, 0x00000271c16d9800,
0x00000271c1925000, 0x00000271c2d00000, 0x00000271c30ba000, 0x00000271c322e000,
0x00000271c3941000, 0x00000271c2d09000, 0x00000271c2ab1800, 0x00000271c3719800,
0x00000271c357c800, 0x00000271c3577800, 0x00000271c3576800, 0x00000271c357a800,
0x00000271c357b800, 0x00000271c357d000, 0x00000271c3578000, 0x00000271c3579000,
0x00000271c357a000, 0x00000271c3a8a000, 0x00000271c3a8c800, 0x00000271c3a8e000,
0x00000271c3a8b000, 0x00000271c3a8b800, 0x00000271c3a8d800, 0x00000271c3a8f000,
0x00000271c3a89000, 0x00000271c3a8f800, 0x00000271c51e2000, 0x00000271c4cc9800
}

Java Threads: ( => current thread )
  0x00000271a4502800 JavaThread "main" [_thread_blocked, id=14492, stack(0x0000008cfdf00000,0x0000008cfe000000)]
  0x00000271c11a7800 JavaThread "Reference Handler" daemon [_thread_blocked, id=7260, stack(0x0000008cfe600000,0x0000008cfe700000)]
  0x00000271c11b3000 JavaThread "Finalizer" daemon [_thread_blocked, id=19440, stack(0x0000008cfe700000,0x0000008cfe800000)]
  0x00000271c120c800 JavaThread "Signal Dispatcher" daemon [_thread_blocked, id=14644, stack(0x0000008cfe800000,0x0000008cfe900000)]
  0x00000271c120e800 JavaThread "Attach Listener" daemon [_thread_blocked, id=13548, stack(0x0000008cfe900000,0x0000008cfea00000)]
  0x00000271c120f800 JavaThread "Service Thread" daemon [_thread_blocked, id=27640, stack(0x0000008cfea00000,0x0000008cfeb00000)]
=>0x00000271c1213800 JavaThread "C2 CompilerThread0" daemon [_thread_in_native, id=11452, stack(0x0000008cfeb00000,0x0000008cfec00000)]
  0x00000271c1215000 JavaThread "C1 CompilerThread0" daemon [_thread_blocked, id=6264, stack(0x0000008cfec00000,0x0000008cfed00000)]
  0x00000271c121c000 JavaThread "Sweeper thread" daemon [_thread_blocked, id=13844, stack(0x0000008cfed00000,0x0000008cfee00000)]
  0x00000271c137f000 JavaThread "Common-Cleaner" daemon [_thread_blocked, id=19176, stack(0x0000008cfee00000,0x0000008cfef00000)]
  0x00000271c30b5000 JavaThread "Daemon health stats" [_thread_blocked, id=14020, stack(0x0000008cff700000,0x0000008cff800000)]
  0x00000271c16d9800 JavaThread "Incoming local TCP Connector on port 60729" [_thread_in_native, id=18376, stack(0x0000008cff000000,0x0000008cff100000)]
  0x00000271c1925000 JavaThread "Daemon periodic checks" [_thread_blocked, id=28068, stack(0x0000008cff100000,0x0000008cff200000)]
  0x00000271c2d00000 JavaThread "Daemon" [_thread_blocked, id=9592, stack(0x0000008cff800000,0x0000008cff900000)]
  0x00000271c30ba000 JavaThread "Handler for socket connection from /127.0.0.1:60729 to /127.0.0.1:60730" [_thread_in_native, id=31084, stack(0x0000008cff900000,0x0000008cffa00000)]
  0x00000271c322e000 JavaThread "Cancel handler" [_thread_blocked, id=7340, stack(0x0000008cffa00000,0x0000008cffb00000)]
  0x00000271c3941000 JavaThread "Daemon worker" [_thread_in_Java, id=22760, stack(0x0000008cffb00000,0x0000008cffc00000)]
  0x00000271c2d09000 JavaThread "C2 CompilerThread1" daemon [_thread_in_native, id=30440, stack(0x0000008cffc00000,0x0000008cffd00000)]
  0x00000271c2ab1800 JavaThread "Asynchronous log dispatcher for DefaultDaemonConnection: socket connection from /127.0.0.1:60729 to /127.0.0.1:60730" [_thread_blocked, id=5936, stack(0x0000008cffd00000,0x0000008cffe00000)]
  0x00000271c3719800 JavaThread "Stdin handler" [_thread_blocked, id=26420, stack(0x0000008cffe00000,0x0000008cfff00000)]
  0x00000271c357c800 JavaThread "Daemon client event forwarder" [_thread_blocked, id=22836, stack(0x0000008cfff00000,0x0000008d00000000)]
  0x00000271c3577800 JavaThread "Cache worker for journal cache (C:\Users\anas\.gradle\caches\journal-1)" [_thread_blocked, id=32024, stack(0x0000008c80000000,0x0000008c80100000)]
  0x00000271c3576800 JavaThread "File lock request listener" [_thread_in_native, id=12964, stack(0x0000008c80100000,0x0000008c80200000)]
  0x00000271c357a800 JavaThread "Cache worker for file hash cache (C:\Users\anas\.gradle\caches\7.2\fileHashes)" [_thread_blocked, id=13964, stack(0x0000008c80500000,0x0000008c80600000)]
  0x00000271c357b800 JavaThread "Cache worker for file hash cache (E:\ClgProject\.gradle\7.2\fileHashes)" [_thread_blocked, id=27260, stack(0x0000008c80600000,0x0000008c80700000)]
  0x00000271c357d000 JavaThread "File watcher server" daemon [_thread_in_native, id=4840, stack(0x0000008c80800000,0x0000008c80900000)]
  0x00000271c3578000 JavaThread "File watcher consumer" daemon [_thread_blocked, id=32280, stack(0x0000008c80900000,0x0000008c80a00000)]
  0x00000271c3579000 JavaThread "jar transforms" [_thread_blocked, id=28844, stack(0x0000008c80a00000,0x0000008c80b00000)]
  0x00000271c357a000 JavaThread "jar transforms Thread 2" [_thread_blocked, id=21112, stack(0x0000008c80b00000,0x0000008c80c00000)]
  0x00000271c3a8a000 JavaThread "jar transforms Thread 3" [_thread_blocked, id=17976, stack(0x0000008c80c00000,0x0000008c80d00000)]
  0x00000271c3a8c800 JavaThread "jar transforms Thread 4" [_thread_blocked, id=28596, stack(0x0000008c80d00000,0x0000008c80e00000)]
  0x00000271c3a8e000 JavaThread "jar transforms Thread 5" [_thread_blocked, id=18028, stack(0x0000008c80e00000,0x0000008c80f00000)]
  0x00000271c3a8b000 JavaThread "jar transforms Thread 6" [_thread_blocked, id=24232, stack(0x0000008c80f00000,0x0000008c81000000)]
  0x00000271c3a8b800 JavaThread "jar transforms Thread 7" [_thread_blocked, id=4952, stack(0x0000008c81000000,0x0000008c81100000)]
  0x00000271c3a8d800 JavaThread "jar transforms Thread 8" [_thread_blocked, id=18900, stack(0x0000008c81100000,0x0000008c81200000)]
  0x00000271c3a8f000 JavaThread "Cache worker for checksums cache (E:\ClgProject\.gradle\checksums)" [_thread_blocked, id=15648, stack(0x0000008c81200000,0x0000008c81300000)]
  0x00000271c3a89000 JavaThread "Cache worker for cache directory md-supplier (C:\Users\anas\.gradle\caches\7.2\md-supplier)" [_thread_blocked, id=3200, stack(0x0000008c81300000,0x0000008c81400000)]
  0x00000271c3a8f800 JavaThread "Cache worker for cache directory md-rule (C:\Users\anas\.gradle\caches\7.2\md-rule)" [_thread_blocked, id=21912, stack(0x0000008c81400000,0x0000008c81500000)]
  0x00000271c51e2000 JavaThread "Cache worker for execution history cache (C:\Users\anas\.gradle\caches\7.2\executionHistory)" [_thread_blocked, id=30992, stack(0x0000008c81500000,0x0000008c81600000)]
  0x00000271c4cc9800 JavaThread "C2 CompilerThread2" daemon [_thread_in_native, id=28952, stack(0x0000008c80700000,0x0000008c80800000)]

Other Threads:
  0x00000271c11a5000 VMThread "VM Thread" [stack: 0x0000008cfe500000,0x0000008cfe600000] [id=9788]
  0x00000271c13b5800 WatcherThread [stack: 0x0000008cfef00000,0x0000008cff000000] [id=19040]
  0x00000271a451b000 GCTaskThread "GC Thread#0" [stack: 0x0000008cfe000000,0x0000008cfe100000] [id=32188]
  0x00000271c2014800 GCTaskThread "GC Thread#1" [stack: 0x0000008cff200000,0x0000008cff300000] [id=20612]
  0x00000271c209f800 GCTaskThread "GC Thread#2" [stack: 0x0000008cff300000,0x0000008cff400000] [id=12376]
  0x00000271c21b2000 GCTaskThread "GC Thread#3" [stack: 0x0000008cff400000,0x0000008cff500000] [id=12492]
  0x00000271c2173800 GCTaskThread "GC Thread#4" [stack: 0x0000008cff500000,0x0000008cff600000] [id=28376]
  0x00000271c2306000 GCTaskThread "GC Thread#5" [stack: 0x0000008cff600000,0x0000008cff700000] [id=29340]
  0x00000271c232f800 GCTaskThread "GC Thread#6" [stack: 0x0000008c80200000,0x0000008c80300000] [id=24148]
  0x00000271c2a25800 GCTaskThread "GC Thread#7" [stack: 0x0000008c80300000,0x0000008c80400000] [id=24240]
  0x00000271a454f800 ConcurrentGCThread "G1 Main Marker" [stack: 0x0000008cfe100000,0x0000008cfe200000] [id=22896]
  0x00000271a4551000 ConcurrentGCThread "G1 Conc#0" [stack: 0x0000008cfe200000,0x0000008cfe300000] [id=26564]
  0x00000271c2332800 ConcurrentGCThread "G1 Conc#1" [stack: 0x0000008c80400000,0x0000008c80500000] [id=26656]
  0x00000271c07f2800 ConcurrentGCThread "G1 Refine#0" [stack: 0x0000008cfe300000,0x0000008cfe400000] [id=15276]
  0x00000271c07f3000 ConcurrentGCThread "G1 Young RemSet Sampling" [stack: 0x0000008cfe400000,0x0000008cfe500000] [id=17468]

Threads with active compile tasks:
C2 CompilerThread0   3919 3071       4       java.lang.invoke.MethodType::makeImpl (108 bytes)
C2 CompilerThread1   3919 3081   !   4       jdk.internal.loader.URLClassPath$JarLoader::getResource (353 bytes)
C2 CompilerThread2   3919 2798       4       jdk.internal.loader.URLClassPath::getResource (74 bytes)

VM state:not at safepoint (normal execution)

VM Mutex/Monitor currently owned by a thread: None

Heap address: 0x0000000080000000, size: 2048 MB, Compressed Oops mode: 32-bit
Narrow klass base: 0x0000000000000000, Narrow klass shift: 3
Compressed class space size: 1073741824 Address: 0x0000000100000000

Heap:
 garbage-first heap   total 260096K, used 45773K [0x0000000080000000, 0x0000000100000000)
  region size 1024K, 21 young (21504K), 10 survivors (10240K)
 Metaspace       used 37613K, capacity 38657K, committed 38984K, reserved 1083392K
  class space    used 4906K, capacity 5313K, committed 5376K, reserved 1048576K
Heap Regions: E=young(eden), S=young(survivor), O=old, HS=humongous(starts), HC=humongous(continues), CS=collection set, F=free, A=archive, TAMS=top-at-mark-start (previous, next)
|   0|0x0000000080000000, 0x0000000080100000, 0x0000000080100000|100%| O|  |TAMS 0x0000000080100000, 0x0000000080000000| Untracked 
|   1|0x0000000080100000, 0x0000000080200000, 0x0000000080200000|100%| O|  |TAMS 0x0000000080200000, 0x0000000080100000| Untracked 
|   2|0x0000000080200000, 0x0000000080300000, 0x0000000080300000|100%| O|  |TAMS 0x0000000080300000, 0x0000000080200000| Untracked 
|   3|0x0000000080300000, 0x0000000080400000, 0x0000000080400000|100%|HS|  |TAMS 0x0000000080400000, 0x0000000080300000| Complete 
|   4|0x0000000080400000, 0x0000000080500000, 0x0000000080500000|100%|HC|  |TAMS 0x0000000080500000, 0x0000000080400000| Complete 
|   5|0x0000000080500000, 0x0000000080600000, 0x0000000080600000|100%|HC|  |TAMS 0x0000000080600000, 0x0000000080500000| Complete 
|   6|0x0000000080600000, 0x0000000080700000, 0x0000000080700000|100%| O|  |TAMS 0x0000000080700000, 0x0000000080600000| Untracked 
|   7|0x0000000080700000, 0x0000000080800000, 0x0000000080800000|100%| O|  |TAMS 0x0000000080800000, 0x0000000080700000| Untracked 
|   8|0x0000000080800000, 0x0000000080900000, 0x0000000080900000|100%| O|  |TAMS 0x0000000080900000, 0x0000000080800000| Untracked 
|   9|0x0000000080900000, 0x0000000080a00000, 0x0000000080a00000|100%| O|  |TAMS 0x0000000080a00000, 0x0000000080900000| Untracked 
|  10|0x0000000080a00000, 0x0000000080b00000, 0x0000000080b00000|100%| O|  |TAMS 0x0000000080b00000, 0x0000000080a00000| Untracked 
|  11|0x0000000080b00000, 0x0000000080c00000, 0x0000000080c00000|100%| O|  |TAMS 0x0000000080c00000, 0x0000000080b00000| Untracked 
|  12|0x0000000080c00000, 0x0000000080d00000, 0x0000000080d00000|100%| O|  |TAMS 0x0000000080d00000, 0x0000000080c00000| Untracked 
|  13|0x0000000080d00000, 0x0000000080e00000, 0x0000000080e00000|100%| O|  |TAMS 0x0000000080e00000, 0x0000000080d00000| Untracked 
|  14|0x0000000080e00000, 0x0000000080f00000, 0x0000000080f00000|100%| O|  |TAMS 0x0000000080f00000, 0x0000000080e00000| Untracked 
|  15|0x0000000080f00000, 0x0000000081000000, 0x0000000081000000|100%| O|  |TAMS 0x0000000081000000, 0x0000000080f00000| Untracked 
|  16|0x0000000081000000, 0x0000000081033000, 0x0000000081100000| 19%| O|  |TAMS 0x0000000081033000, 0x0000000081000000| Untracked 
|  17|0x0000000081100000, 0x0000000081200000, 0x0000000081200000|100%|HS|  |TAMS 0x0000000081200000, 0x0000000081100000| Complete 
|  18|0x0000000081200000, 0x0000000081300000, 0x0000000081300000|100%|HC|  |TAMS 0x0000000081300000, 0x0000000081200000| Complete 
|  19|0x0000000081300000, 0x0000000081400000, 0x0000000081400000|100%|HS|  |TAMS 0x0000000081400000, 0x0000000081300000| Complete 
|  20|0x0000000081400000, 0x0000000081500000, 0x0000000081500000|100%|HC|  |TAMS 0x0000000081500000, 0x0000000081400000| Complete 
|  21|0x0000000081500000, 0x0000000081600000, 0x0000000081600000|100%|HC|  |TAMS 0x0000000081600000, 0x0000000081500000| Complete 
|  22|0x0000000081600000, 0x0000000081700000, 0x0000000081700000|100%|HS|  |TAMS 0x0000000081700000, 0x0000000081600000| Complete 
|  23|0x0000000081700000, 0x0000000081800000, 0x0000000081800000|100%|HC|  |TAMS 0x0000000081800000, 0x0000000081700000| Complete 
|  24|0x0000000081800000, 0x0000000081900000, 0x0000000081900000|100%|HC|  |TAMS 0x0000000081900000, 0x0000000081800000| Complete 
|  25|0x0000000081900000, 0x0000000081a00000, 0x0000000081a00000|100%|HC|  |TAMS 0x0000000081a00000, 0x0000000081900000| Complete 
|  26|0x0000000081a00000, 0x0000000081a00000, 0x0000000081b00000|  0%| F|  |TAMS 0x0000000081a00000, 0x0000000081a00000| Untracked 
|  27|0x0000000081b00000, 0x0000000081b00000, 0x0000000081c00000|  0%| F|  |TAMS 0x0000000081b00000, 0x0000000081b00000| Untracked 
|  28|0x0000000081c00000, 0x0000000081c00000, 0x0000000081d00000|  0%| F|  |TAMS 0x0000000081c00000, 0x0000000081c00000| Untracked 
|  29|0x0000000081d00000, 0x0000000081d00000, 0x0000000081e00000|  0%| F|  |TAMS 0x0000000081d00000, 0x0000000081d00000| Untracked 
|  30|0x0000000081e00000, 0x0000000081e00000, 0x0000000081f00000|  0%| F|  |TAMS 0x0000000081e00000, 0x0000000081e00000| Untracked 
|  31|0x0000000081f00000, 0x0000000081f00000, 0x0000000082000000|  0%| F|  |TAMS 0x0000000081f00000, 0x0000000081f00000| Untracked 
|  32|0x0000000082000000, 0x0000000082000000, 0x0000000082100000|  0%| F|  |TAMS 0x0000000082000000, 0x0000000082000000| Untracked 
|  33|0x0000000082100000, 0x0000000082100000, 0x0000000082200000|  0%| F|  |TAMS 0x0000000082100000, 0x0000000082100000| Untracked 
|  34|0x0000000082200000, 0x0000000082200000, 0x0000000082300000|  0%| F|  |TAMS 0x0000000082200000, 0x0000000082200000| Untracked 
|  35|0x0000000082300000, 0x0000000082300000, 0x0000000082400000|  0%| F|  |TAMS 0x0000000082300000, 0x0000000082300000| Untracked 
|  36|0x0000000082400000, 0x0000000082400000, 0x0000000082500000|  0%| F|  |TAMS 0x0000000082400000, 0x0000000082400000| Untracked 
|  37|0x0000000082500000, 0x0000000082500000, 0x0000000082600000|  0%| F|  |TAMS 0x0000000082500000, 0x0000000082500000| Untracked 
|  38|0x0000000082600000, 0x0000000082600000, 0x0000000082700000|  0%| F|  |TAMS 0x0000000082600000, 0x0000000082600000| Untracked 
|  39|0x0000000082700000, 0x0000000082700000, 0x0000000082800000|  0%| F|  |TAMS 0x0000000082700000, 0x0000000082700000| Untracked 
|  40|0x0000000082800000, 0x0000000082800000, 0x0000000082900000|  0%| F|  |TAMS 0x0000000082800000, 0x0000000082800000| Untracked 
|  41|0x0000000082900000, 0x0000000082900000, 0x0000000082a00000|  0%| F|  |TAMS 0x0000000082900000, 0x0000000082900000| Untracked 
|  42|0x0000000082a00000, 0x0000000082a00000, 0x0000000082b00000|  0%| F|  |TAMS 0x0000000082a00000, 0x0000000082a00000| Untracked 
|  43|0x0000000082b00000, 0x0000000082b00000, 0x0000000082c00000|  0%| F|  |TAMS 0x0000000082b00000, 0x0000000082b00000| Untracked 
|  44|0x0000000082c00000, 0x0000000082c00000, 0x0000000082d00000|  0%| F|  |TAMS 0x0000000082c00000, 0x0000000082c00000| Untracked 
|  45|0x0000000082d00000, 0x0000000082d00000, 0x0000000082e00000|  0%| F|  |TAMS 0x0000000082d00000, 0x0000000082d00000| Untracked 
|  46|0x0000000082e00000, 0x0000000082e00000, 0x0000000082f00000|  0%| F|  |TAMS 0x0000000082e00000, 0x0000000082e00000| Untracked 
|  47|0x0000000082f00000, 0x0000000082f00000, 0x0000000083000000|  0%| F|  |TAMS 0x0000000082f00000, 0x0000000082f00000| Untracked 
|  48|0x0000000083000000, 0x0000000083000000, 0x0000000083100000|  0%| F|  |TAMS 0x0000000083000000, 0x0000000083000000| Untracked 
|  49|0x0000000083100000, 0x0000000083100000, 0x0000000083200000|  0%| F|  |TAMS 0x0000000083100000, 0x0000000083100000| Untracked 
|  50|0x0000000083200000, 0x0000000083200000, 0x0000000083300000|  0%| F|  |TAMS 0x0000000083200000, 0x0000000083200000| Untracked 
|  51|0x0000000083300000, 0x0000000083300000, 0x0000000083400000|  0%| F|  |TAMS 0x0000000083300000, 0x0000000083300000| Untracked 
|  52|0x0000000083400000, 0x0000000083400000, 0x0000000083500000|  0%| F|  |TAMS 0x0000000083400000, 0x0000000083400000| Untracked 
|  53|0x0000000083500000, 0x0000000083500000, 0x0000000083600000|  0%| F|  |TAMS 0x0000000083500000, 0x0000000083500000| Untracked 
|  54|0x0000000083600000, 0x0000000083600000, 0x0000000083700000|  0%| F|  |TAMS 0x0000000083600000, 0x0000000083600000| Untracked 
|  55|0x0000000083700000, 0x0000000083700000, 0x0000000083800000|  0%| F|  |TAMS 0x0000000083700000, 0x0000000083700000| Untracked 
|  56|0x0000000083800000, 0x0000000083800000, 0x0000000083900000|  0%| F|  |TAMS 0x0000000083800000, 0x0000000083800000| Untracked 
|  57|0x0000000083900000, 0x0000000083900000, 0x0000000083a00000|  0%| F|  |TAMS 0x0000000083900000, 0x0000000083900000| Untracked 
|  58|0x0000000083a00000, 0x0000000083a00000, 0x0000000083b00000|  0%| F|  |TAMS 0x0000000083a00000, 0x0000000083a00000| Untracked 
|  59|0x0000000083b00000, 0x0000000083b00000, 0x0000000083c00000|  0%| F|  |TAMS 0x0000000083b00000, 0x0000000083b00000| Untracked 
|  60|0x0000000083c00000, 0x0000000083c00000, 0x0000000083d00000|  0%| F|  |TAMS 0x0000000083c00000, 0x0000000083c00000| Untracked 
|  61|0x0000000083d00000, 0x0000000083d00000, 0x0000000083e00000|  0%| F|  |TAMS 0x0000000083d00000, 0x0000000083d00000| Untracked 
|  62|0x0000000083e00000, 0x0000000083e00000, 0x0000000083f00000|  0%| F|  |TAMS 0x0000000083e00000, 0x0000000083e00000| Untracked 
|  63|0x0000000083f00000, 0x0000000083f00000, 0x0000000084000000|  0%| F|  |TAMS 0x0000000083f00000, 0x0000000083f00000| Untracked 
|  64|0x0000000084000000, 0x0000000084000000, 0x0000000084100000|  0%| F|  |TAMS 0x0000000084000000, 0x0000000084000000| Untracked 
|  65|0x0000000084100000, 0x0000000084100000, 0x0000000084200000|  0%| F|  |TAMS 0x0000000084100000, 0x0000000084100000| Untracked 
|  66|0x0000000084200000, 0x0000000084200000, 0x0000000084300000|  0%| F|  |TAMS 0x0000000084200000, 0x0000000084200000| Untracked 
|  67|0x0000000084300000, 0x0000000084300000, 0x0000000084400000|  0%| F|  |TAMS 0x0000000084300000, 0x0000000084300000| Untracked 
|  68|0x0000000084400000, 0x0000000084400000, 0x0000000084500000|  0%| F|  |TAMS 0x0000000084400000, 0x0000000084400000| Untracked 
|  69|0x0000000084500000, 0x0000000084500000, 0x0000000084600000|  0%| F|  |TAMS 0x0000000084500000, 0x0000000084500000| Untracked 
|  70|0x0000000084600000, 0x0000000084600000, 0x0000000084700000|  0%| F|  |TAMS 0x0000000084600000, 0x0000000084600000| Untracked 
|  71|0x0000000084700000, 0x0000000084700000, 0x0000000084800000|  0%| F|  |TAMS 0x0000000084700000, 0x0000000084700000| Untracked 
|  72|0x0000000084800000, 0x0000000084800000, 0x0000000084900000|  0%| F|  |TAMS 0x0000000084800000, 0x0000000084800000| Untracked 
|  73|0x0000000084900000, 0x0000000084900000, 0x0000000084a00000|  0%| F|  |TAMS 0x0000000084900000, 0x0000000084900000| Untracked 
|  74|0x0000000084a00000, 0x0000000084a00000, 0x0000000084b00000|  0%| F|  |TAMS 0x0000000084a00000, 0x0000000084a00000| Untracked 
|  75|0x0000000084b00000, 0x0000000084b00000, 0x0000000084c00000|  0%| F|  |TAMS 0x0000000084b00000, 0x0000000084b00000| Untracked 
|  76|0x0000000084c00000, 0x0000000084c00000, 0x0000000084d00000|  0%| F|  |TAMS 0x0000000084c00000, 0x0000000084c00000| Untracked 
|  77|0x0000000084d00000, 0x0000000084d00000, 0x0000000084e00000|  0%| F|  |TAMS 0x0000000084d00000, 0x0000000084d00000| Untracked 
|  78|0x0000000084e00000, 0x0000000084e00000, 0x0000000084f00000|  0%| F|  |TAMS 0x0000000084e00000, 0x0000000084e00000| Untracked 
|  79|0x0000000084f00000, 0x0000000084f00000, 0x0000000085000000|  0%| F|  |TAMS 0x0000000084f00000, 0x0000000084f00000| Untracked 
|  80|0x0000000085000000, 0x0000000085000000, 0x0000000085100000|  0%| F|  |TAMS 0x0000000085000000, 0x0000000085000000| Untracked 
|  81|0x0000000085100000, 0x0000000085100000, 0x0000000085200000|  0%| F|  |TAMS 0x0000000085100000, 0x0000000085100000| Untracked 
|  82|0x0000000085200000, 0x0000000085200000, 0x0000000085300000|  0%| F|  |TAMS 0x0000000085200000, 0x0000000085200000| Untracked 
|  83|0x0000000085300000, 0x0000000085300000, 0x0000000085400000|  0%| F|  |TAMS 0x0000000085300000, 0x0000000085300000| Untracked 
|  84|0x0000000085400000, 0x0000000085400000, 0x0000000085500000|  0%| F|  |TAMS 0x0000000085400000, 0x0000000085400000| Untracked 
|  85|0x0000000085500000, 0x0000000085500000, 0x0000000085600000|  0%| F|  |TAMS 0x0000000085500000, 0x0000000085500000| Untracked 
|  86|0x0000000085600000, 0x0000000085600000, 0x0000000085700000|  0%| F|  |TAMS 0x0000000085600000, 0x0000000085600000| Untracked 
|  87|0x0000000085700000, 0x0000000085700000, 0x0000000085800000|  0%| F|  |TAMS 0x0000000085700000, 0x0000000085700000| Untracked 
|  88|0x0000000085800000, 0x0000000085800000, 0x0000000085900000|  0%| F|  |TAMS 0x0000000085800000, 0x0000000085800000| Untracked 
|  89|0x0000000085900000, 0x0000000085900000, 0x0000000085a00000|  0%| F|  |TAMS 0x0000000085900000, 0x0000000085900000| Untracked 
|  90|0x0000000085a00000, 0x0000000085a00000, 0x0000000085b00000|  0%| F|  |TAMS 0x0000000085a00000, 0x0000000085a00000| Untracked 
|  91|0x0000000085b00000, 0x0000000085b00000, 0x0000000085c00000|  0%| F|  |TAMS 0x0000000085b00000, 0x0000000085b00000| Untracked 
|  92|0x0000000085c00000, 0x0000000085c00000, 0x0000000085d00000|  0%| F|  |TAMS 0x0000000085c00000, 0x0000000085c00000| Untracked 
|  93|0x0000000085d00000, 0x0000000085d00000, 0x0000000085e00000|  0%| F|  |TAMS 0x0000000085d00000, 0x0000000085d00000| Untracked 
|  94|0x0000000085e00000, 0x0000000085e00000, 0x0000000085f00000|  0%| F|  |TAMS 0x0000000085e00000, 0x0000000085e00000| Untracked 
|  95|0x0000000085f00000, 0x0000000085f00000, 0x0000000086000000|  0%| F|  |TAMS 0x0000000085f00000, 0x0000000085f00000| Untracked 
|  96|0x0000000086000000, 0x0000000086000000, 0x0000000086100000|  0%| F|  |TAMS 0x0000000086000000, 0x0000000086000000| Untracked 
|  97|0x0000000086100000, 0x0000000086100000, 0x0000000086200000|  0%| F|  |TAMS 0x0000000086100000, 0x0000000086100000| Untracked 
|  98|0x0000000086200000, 0x0000000086200000, 0x0000000086300000|  0%| F|  |TAMS 0x0000000086200000, 0x0000000086200000| Untracked 
|  99|0x0000000086300000, 0x0000000086300000, 0x0000000086400000|  0%| F|  |TAMS 0x0000000086300000, 0x0000000086300000| Untracked 
| 100|0x0000000086400000, 0x0000000086400000, 0x0000000086500000|  0%| F|  |TAMS 0x0000000086400000, 0x0000000086400000| Untracked 
| 101|0x0000000086500000, 0x0000000086500000, 0x0000000086600000|  0%| F|  |TAMS 0x0000000086500000, 0x0000000086500000| Untracked 
| 102|0x0000000086600000, 0x0000000086600000, 0x0000000086700000|  0%| F|  |TAMS 0x0000000086600000, 0x0000000086600000| Untracked 
| 103|0x0000000086700000, 0x0000000086700000, 0x0000000086800000|  0%| F|  |TAMS 0x0000000086700000, 0x0000000086700000| Untracked 
| 104|0x0000000086800000, 0x0000000086800000, 0x0000000086900000|  0%| F|  |TAMS 0x0000000086800000, 0x0000000086800000| Untracked 
| 105|0x0000000086900000, 0x0000000086900000, 0x0000000086a00000|  0%| F|  |TAMS 0x0000000086900000, 0x0000000086900000| Untracked 
| 106|0x0000000086a00000, 0x0000000086a00000, 0x0000000086b00000|  0%| F|  |TAMS 0x0000000086a00000, 0x0000000086a00000| Untracked 
| 107|0x0000000086b00000, 0x0000000086b00000, 0x0000000086c00000|  0%| F|  |TAMS 0x0000000086b00000, 0x0000000086b00000| Untracked 
| 108|0x0000000086c00000, 0x0000000086c00000, 0x0000000086d00000|  0%| F|  |TAMS 0x0000000086c00000, 0x0000000086c00000| Untracked 
| 109|0x0000000086d00000, 0x0000000086d00000, 0x0000000086e00000|  0%| F|  |TAMS 0x0000000086d00000, 0x0000000086d00000| Untracked 
| 110|0x0000000086e00000, 0x0000000086e00000, 0x0000000086f00000|  0%| F|  |TAMS 0x0000000086e00000, 0x0000000086e00000| Untracked 
| 111|0x0000000086f00000, 0x0000000086f00000, 0x0000000087000000|  0%| F|  |TAMS 0x0000000086f00000, 0x0000000086f00000| Untracked 
| 112|0x0000000087000000, 0x0000000087000000, 0x0000000087100000|  0%| F|  |TAMS 0x0000000087000000, 0x0000000087000000| Untracked 
| 113|0x0000000087100000, 0x0000000087100000, 0x0000000087200000|  0%| F|  |TAMS 0x0000000087100000, 0x0000000087100000| Untracked 
| 114|0x0000000087200000, 0x0000000087200000, 0x0000000087300000|  0%| F|  |TAMS 0x0000000087200000, 0x0000000087200000| Untracked 
| 115|0x0000000087300000, 0x0000000087300000, 0x0000000087400000|  0%| F|  |TAMS 0x0000000087300000, 0x0000000087300000| Untracked 
| 116|0x0000000087400000, 0x0000000087400000, 0x0000000087500000|  0%| F|  |TAMS 0x0000000087400000, 0x0000000087400000| Untracked 
| 117|0x0000000087500000, 0x0000000087500000, 0x0000000087600000|  0%| F|  |TAMS 0x0000000087500000, 0x0000000087500000| Untracked 
| 118|0x0000000087600000, 0x0000000087600000, 0x0000000087700000|  0%| F|  |TAMS 0x0000000087600000, 0x0000000087600000| Untracked 
| 119|0x0000000087700000, 0x0000000087700000, 0x0000000087800000|  0%| F|  |TAMS 0x0000000087700000, 0x0000000087700000| Untracked 
| 120|0x0000000087800000, 0x0000000087800000, 0x0000000087900000|  0%| F|  |TAMS 0x0000000087800000, 0x0000000087800000| Untracked 
| 121|0x0000000087900000, 0x0000000087900000, 0x0000000087a00000|  0%| F|  |TAMS 0x0000000087900000, 0x0000000087900000| Untracked 
| 122|0x0000000087a00000, 0x0000000087a00000, 0x0000000087b00000|  0%| F|  |TAMS 0x0000000087a00000, 0x0000000087a00000| Untracked 
| 123|0x0000000087b00000, 0x0000000087b00000, 0x0000000087c00000|  0%| F|  |TAMS 0x0000000087b00000, 0x0000000087b00000| Untracked 
| 124|0x0000000087c00000, 0x0000000087c00000, 0x0000000087d00000|  0%| F|  |TAMS 0x0000000087c00000, 0x0000000087c00000| Untracked 
| 125|0x0000000087d00000, 0x0000000087d00000, 0x0000000087e00000|  0%| F|  |TAMS 0x0000000087d00000, 0x0000000087d00000| Untracked 
| 126|0x0000000087e00000, 0x0000000087e00000, 0x0000000087f00000|  0%| F|  |TAMS 0x0000000087e00000, 0x0000000087e00000| Untracked 
| 127|0x0000000087f00000, 0x0000000087f00000, 0x0000000088000000|  0%| F|  |TAMS 0x0000000087f00000, 0x0000000087f00000| Untracked 
| 128|0x0000000088000000, 0x0000000088000000, 0x0000000088100000|  0%| F|  |TAMS 0x0000000088000000, 0x0000000088000000| Untracked 
| 129|0x0000000088100000, 0x0000000088100000, 0x0000000088200000|  0%| F|  |TAMS 0x0000000088100000, 0x0000000088100000| Untracked 
| 130|0x0000000088200000, 0x0000000088200000, 0x0000000088300000|  0%| F|  |TAMS 0x0000000088200000, 0x0000000088200000| Untracked 
| 131|0x0000000088300000, 0x0000000088300000, 0x0000000088400000|  0%| F|  |TAMS 0x0000000088300000, 0x0000000088300000| Untracked 
| 132|0x0000000088400000, 0x0000000088400000, 0x0000000088500000|  0%| F|  |TAMS 0x0000000088400000, 0x0000000088400000| Untracked 
| 133|0x0000000088500000, 0x0000000088500000, 0x0000000088600000|  0%| F|  |TAMS 0x0000000088500000, 0x0000000088500000| Untracked 
| 134|0x0000000088600000, 0x0000000088600000, 0x0000000088700000|  0%| F|  |TAMS 0x0000000088600000, 0x0000000088600000| Untracked 
| 135|0x0000000088700000, 0x0000000088700000, 0x0000000088800000|  0%| F|  |TAMS 0x0000000088700000, 0x0000000088700000| Untracked 
| 136|0x0000000088800000, 0x0000000088800000, 0x0000000088900000|  0%| F|  |TAMS 0x0000000088800000, 0x0000000088800000| Untracked 
| 137|0x0000000088900000, 0x0000000088900000, 0x0000000088a00000|  0%| F|  |TAMS 0x0000000088900000, 0x0000000088900000| Untracked 
| 138|0x0000000088a00000, 0x0000000088a00000, 0x0000000088b00000|  0%| F|  |TAMS 0x0000000088a00000, 0x0000000088a00000| Untracked 
| 139|0x0000000088b00000, 0x0000000088b00000, 0x0000000088c00000|  0%| F|  |TAMS 0x0000000088b00000, 0x0000000088b00000| Untracked 
| 140|0x0000000088c00000, 0x0000000088c00000, 0x0000000088d00000|  0%| F|  |TAMS 0x0000000088c00000, 0x0000000088c00000| Untracked 
| 141|0x0000000088d00000, 0x0000000088d00000, 0x0000000088e00000|  0%| F|  |TAMS 0x0000000088d00000, 0x0000000088d00000| Untracked 
| 142|0x0000000088e00000, 0x0000000088e00000, 0x0000000088f00000|  0%| F|  |TAMS 0x0000000088e00000, 0x0000000088e00000| Untracked 
| 143|0x0000000088f00000, 0x0000000088f00000, 0x0000000089000000|  0%| F|  |TAMS 0x0000000088f00000, 0x0000000088f00000| Untracked 
| 144|0x0000000089000000, 0x0000000089000000, 0x0000000089100000|  0%| F|  |TAMS 0x0000000089000000, 0x0000000089000000| Untracked 
| 145|0x0000000089100000, 0x0000000089100000, 0x0000000089200000|  0%| F|  |TAMS 0x0000000089100000, 0x0000000089100000| Untracked 
| 146|0x0000000089200000, 0x0000000089200000, 0x0000000089300000|  0%| F|  |TAMS 0x0000000089200000, 0x0000000089200000| Untracked 
| 147|0x0000000089300000, 0x0000000089300000, 0x0000000089400000|  0%| F|  |TAMS 0x0000000089300000, 0x0000000089300000| Untracked 
| 148|0x0000000089400000, 0x0000000089400000, 0x0000000089500000|  0%| F|  |TAMS 0x0000000089400000, 0x0000000089400000| Untracked 
| 149|0x0000000089500000, 0x0000000089500000, 0x0000000089600000|  0%| F|  |TAMS 0x0000000089500000, 0x0000000089500000| Untracked 
| 150|0x0000000089600000, 0x0000000089600000, 0x0000000089700000|  0%| F|  |TAMS 0x0000000089600000, 0x0000000089600000| Untracked 
| 151|0x0000000089700000, 0x0000000089700000, 0x0000000089800000|  0%| F|  |TAMS 0x0000000089700000, 0x0000000089700000| Untracked 
| 152|0x0000000089800000, 0x0000000089800000, 0x0000000089900000|  0%| F|  |TAMS 0x0000000089800000, 0x0000000089800000| Untracked 
| 153|0x0000000089900000, 0x0000000089900000, 0x0000000089a00000|  0%| F|  |TAMS 0x0000000089900000, 0x0000000089900000| Untracked 
| 154|0x0000000089a00000, 0x0000000089a00000, 0x0000000089b00000|  0%| F|  |TAMS 0x0000000089a00000, 0x0000000089a00000| Untracked 
| 155|0x0000000089b00000, 0x0000000089b00000, 0x0000000089c00000|  0%| F|  |TAMS 0x0000000089b00000, 0x0000000089b00000| Untracked 
| 156|0x0000000089c00000, 0x0000000089c00000, 0x0000000089d00000|  0%| F|  |TAMS 0x0000000089c00000, 0x0000000089c00000| Untracked 
| 157|0x0000000089d00000, 0x0000000089d00000, 0x0000000089e00000|  0%| F|  |TAMS 0x0000000089d00000, 0x0000000089d00000| Untracked 
| 158|0x0000000089e00000, 0x0000000089e80718, 0x0000000089f00000| 50%| S|CS|TAMS 0x0000000089e00000, 0x0000000089e00000| Complete 
| 159|0x0000000089f00000, 0x000000008a000000, 0x000000008a000000|100%| S|CS|TAMS 0x0000000089f00000, 0x0000000089f00000| Complete 
| 160|0x000000008a000000, 0x000000008a100000, 0x000000008a100000|100%| S|CS|TAMS 0x000000008a000000, 0x000000008a000000| Complete 
| 161|0x000000008a100000, 0x000000008a200000, 0x000000008a200000|100%| S|CS|TAMS 0x000000008a100000, 0x000000008a100000| Complete 
| 162|0x000000008a200000, 0x000000008a300000, 0x000000008a300000|100%| S|CS|TAMS 0x000000008a200000, 0x000000008a200000| Complete 
| 163|0x000000008a300000, 0x000000008a400000, 0x000000008a400000|100%| S|CS|TAMS 0x000000008a300000, 0x000000008a300000| Complete 
| 164|0x000000008a400000, 0x000000008a500000, 0x000000008a500000|100%| S|CS|TAMS 0x000000008a400000, 0x000000008a400000| Complete 
| 165|0x000000008a500000, 0x000000008a600000, 0x000000008a600000|100%| S|CS|TAMS 0x000000008a500000, 0x000000008a500000| Complete 
| 166|0x000000008a600000, 0x000000008a700000, 0x000000008a700000|100%| S|CS|TAMS 0x000000008a600000, 0x000000008a600000| Complete 
| 167|0x000000008a700000, 0x000000008a800000, 0x000000008a800000|100%| S|CS|TAMS 0x000000008a700000, 0x000000008a700000| Complete 
| 168|0x000000008a800000, 0x000000008a800000, 0x000000008a900000|  0%| F|  |TAMS 0x000000008a800000, 0x000000008a800000| Untracked 
| 169|0x000000008a900000, 0x000000008a900000, 0x000000008aa00000|  0%| F|  |TAMS 0x000000008a900000, 0x000000008a900000| Untracked 
| 170|0x000000008aa00000, 0x000000008aa00000, 0x000000008ab00000|  0%| F|  |TAMS 0x000000008aa00000, 0x000000008aa00000| Untracked 
| 171|0x000000008ab00000, 0x000000008ab00000, 0x000000008ac00000|  0%| F|  |TAMS 0x000000008ab00000, 0x000000008ab00000| Untracked 
| 172|0x000000008ac00000, 0x000000008ac00000, 0x000000008ad00000|  0%| F|  |TAMS 0x000000008ac00000, 0x000000008ac00000| Untracked 
| 173|0x000000008ad00000, 0x000000008ad00000, 0x000000008ae00000|  0%| F|  |TAMS 0x000000008ad00000, 0x000000008ad00000| Untracked 
| 174|0x000000008ae00000, 0x000000008ae00000, 0x000000008af00000|  0%| F|  |TAMS 0x000000008ae00000, 0x000000008ae00000| Untracked 
| 175|0x000000008af00000, 0x000000008af00000, 0x000000008b000000|  0%| F|  |TAMS 0x000000008af00000, 0x000000008af00000| Untracked 
| 176|0x000000008b000000, 0x000000008b000000, 0x000000008b100000|  0%| F|  |TAMS 0x000000008b000000, 0x000000008b000000| Untracked 
| 177|0x000000008b100000, 0x000000008b100000, 0x000000008b200000|  0%| F|  |TAMS 0x000000008b100000, 0x000000008b100000| Untracked 
| 178|0x000000008b200000, 0x000000008b200000, 0x000000008b300000|  0%| F|  |TAMS 0x000000008b200000, 0x000000008b200000| Untracked 
| 179|0x000000008b300000, 0x000000008b300000, 0x000000008b400000|  0%| F|  |TAMS 0x000000008b300000, 0x000000008b300000| Untracked 
| 180|0x000000008b400000, 0x000000008b400000, 0x000000008b500000|  0%| F|  |TAMS 0x000000008b400000, 0x000000008b400000| Untracked 
| 181|0x000000008b500000, 0x000000008b500000, 0x000000008b600000|  0%| F|  |TAMS 0x000000008b500000, 0x000000008b500000| Untracked 
| 182|0x000000008b600000, 0x000000008b600000, 0x000000008b700000|  0%| F|  |TAMS 0x000000008b600000, 0x000000008b600000| Untracked 
| 183|0x000000008b700000, 0x000000008b700000, 0x000000008b800000|  0%| F|  |TAMS 0x000000008b700000, 0x000000008b700000| Untracked 
| 184|0x000000008b800000, 0x000000008b800000, 0x000000008b900000|  0%| F|  |TAMS 0x000000008b800000, 0x000000008b800000| Untracked 
| 185|0x000000008b900000, 0x000000008b900000, 0x000000008ba00000|  0%| F|  |TAMS 0x000000008b900000, 0x000000008b900000| Untracked 
| 186|0x000000008ba00000, 0x000000008ba00000, 0x000000008bb00000|  0%| F|  |TAMS 0x000000008ba00000, 0x000000008ba00000| Untracked 
| 187|0x000000008bb00000, 0x000000008bb00000, 0x000000008bc00000|  0%| F|  |TAMS 0x000000008bb00000, 0x000000008bb00000| Untracked 
| 188|0x000000008bc00000, 0x000000008bc00000, 0x000000008bd00000|  0%| F|  |TAMS 0x000000008bc00000, 0x000000008bc00000| Untracked 
| 189|0x000000008bd00000, 0x000000008bd00000, 0x000000008be00000|  0%| F|  |TAMS 0x000000008bd00000, 0x000000008bd00000| Untracked 
| 190|0x000000008be00000, 0x000000008be00000, 0x000000008bf00000|  0%| F|  |TAMS 0x000000008be00000, 0x000000008be00000| Untracked 
| 191|0x000000008bf00000, 0x000000008bf00000, 0x000000008c000000|  0%| F|  |TAMS 0x000000008bf00000, 0x000000008bf00000| Untracked 
| 192|0x000000008c000000, 0x000000008c000000, 0x000000008c100000|  0%| F|  |TAMS 0x000000008c000000, 0x000000008c000000| Untracked 
| 193|0x000000008c100000, 0x000000008c100000, 0x000000008c200000|  0%| F|  |TAMS 0x000000008c100000, 0x000000008c100000| Untracked 
| 194|0x000000008c200000, 0x000000008c200000, 0x000000008c300000|  0%| F|  |TAMS 0x000000008c200000, 0x000000008c200000| Untracked 
| 195|0x000000008c300000, 0x000000008c300000, 0x000000008c400000|  0%| F|  |TAMS 0x000000008c300000, 0x000000008c300000| Untracked 
| 196|0x000000008c400000, 0x000000008c400000, 0x000000008c500000|  0%| F|  |TAMS 0x000000008c400000, 0x000000008c400000| Untracked 
| 197|0x000000008c500000, 0x000000008c500000, 0x000000008c600000|  0%| F|  |TAMS 0x000000008c500000, 0x000000008c500000| Untracked 
| 198|0x000000008c600000, 0x000000008c600000, 0x000000008c700000|  0%| F|  |TAMS 0x000000008c600000, 0x000000008c600000| Untracked 
| 199|0x000000008c700000, 0x000000008c700000, 0x000000008c800000|  0%| F|  |TAMS 0x000000008c700000, 0x000000008c700000| Untracked 
| 200|0x000000008c800000, 0x000000008c800000, 0x000000008c900000|  0%| F|  |TAMS 0x000000008c800000, 0x000000008c800000| Untracked 
| 201|0x000000008c900000, 0x000000008c900000, 0x000000008ca00000|  0%| F|  |TAMS 0x000000008c900000, 0x000000008c900000| Untracked 
| 202|0x000000008ca00000, 0x000000008ca00000, 0x000000008cb00000|  0%| F|  |TAMS 0x000000008ca00000, 0x000000008ca00000| Untracked 
| 203|0x000000008cb00000, 0x000000008cb00000, 0x000000008cc00000|  0%| F|  |TAMS 0x000000008cb00000, 0x000000008cb00000| Untracked 
| 204|0x000000008cc00000, 0x000000008cc00000, 0x000000008cd00000|  0%| F|  |TAMS 0x000000008cc00000, 0x000000008cc00000| Untracked 
| 205|0x000000008cd00000, 0x000000008cd00000, 0x000000008ce00000|  0%| F|  |TAMS 0x000000008cd00000, 0x000000008cd00000| Untracked 
| 206|0x000000008ce00000, 0x000000008ce00000, 0x000000008cf00000|  0%| F|  |TAMS 0x000000008ce00000, 0x000000008ce00000| Untracked 
| 207|0x000000008cf00000, 0x000000008cf00000, 0x000000008d000000|  0%| F|  |TAMS 0x000000008cf00000, 0x000000008cf00000| Untracked 
| 208|0x000000008d000000, 0x000000008d000000, 0x000000008d100000|  0%| F|  |TAMS 0x000000008d000000, 0x000000008d000000| Untracked 
| 209|0x000000008d100000, 0x000000008d100000, 0x000000008d200000|  0%| F|  |TAMS 0x000000008d100000, 0x000000008d100000| Untracked 
| 210|0x000000008d200000, 0x000000008d200000, 0x000000008d300000|  0%| F|  |TAMS 0x000000008d200000, 0x000000008d200000| Untracked 
| 211|0x000000008d300000, 0x000000008d300000, 0x000000008d400000|  0%| F|  |TAMS 0x000000008d300000, 0x000000008d300000| Untracked 
| 212|0x000000008d400000, 0x000000008d400000, 0x000000008d500000|  0%| F|  |TAMS 0x000000008d400000, 0x000000008d400000| Untracked 
| 213|0x000000008d500000, 0x000000008d500000, 0x000000008d600000|  0%| F|  |TAMS 0x000000008d500000, 0x000000008d500000| Untracked 
| 214|0x000000008d600000, 0x000000008d600000, 0x000000008d700000|  0%| F|  |TAMS 0x000000008d600000, 0x000000008d600000| Untracked 
| 215|0x000000008d700000, 0x000000008d700000, 0x000000008d800000|  0%| F|  |TAMS 0x000000008d700000, 0x000000008d700000| Untracked 
| 216|0x000000008d800000, 0x000000008d800000, 0x000000008d900000|  0%| F|  |TAMS 0x000000008d800000, 0x000000008d800000| Untracked 
| 217|0x000000008d900000, 0x000000008d900000, 0x000000008da00000|  0%| F|  |TAMS 0x000000008d900000, 0x000000008d900000| Untracked 
| 218|0x000000008da00000, 0x000000008da00000, 0x000000008db00000|  0%| F|  |TAMS 0x000000008da00000, 0x000000008da00000| Untracked 
| 219|0x000000008db00000, 0x000000008db00000, 0x000000008dc00000|  0%| F|  |TAMS 0x000000008db00000, 0x000000008db00000| Untracked 
| 220|0x000000008dc00000, 0x000000008dc00000, 0x000000008dd00000|  0%| F|  |TAMS 0x000000008dc00000, 0x000000008dc00000| Untracked 
| 221|0x000000008dd00000, 0x000000008dd00000, 0x000000008de00000|  0%| F|  |TAMS 0x000000008dd00000, 0x000000008dd00000| Untracked 
| 222|0x000000008de00000, 0x000000008de00000, 0x000000008df00000|  0%| F|  |TAMS 0x000000008de00000, 0x000000008de00000| Untracked 
| 223|0x000000008df00000, 0x000000008df00000, 0x000000008e000000|  0%| F|  |TAMS 0x000000008df00000, 0x000000008df00000| Untracked 
| 224|0x000000008e000000, 0x000000008e000000, 0x000000008e100000|  0%| F|  |TAMS 0x000000008e000000, 0x000000008e000000| Untracked 
| 225|0x000000008e100000, 0x000000008e100000, 0x000000008e200000|  0%| F|  |TAMS 0x000000008e100000, 0x000000008e100000| Untracked 
| 226|0x000000008e200000, 0x000000008e200000, 0x000000008e300000|  0%| F|  |TAMS 0x000000008e200000, 0x000000008e200000| Untracked 
| 227|0x000000008e300000, 0x000000008e300000, 0x000000008e400000|  0%| F|  |TAMS 0x000000008e300000, 0x000000008e300000| Untracked 
| 228|0x000000008e400000, 0x000000008e400000, 0x000000008e500000|  0%| F|  |TAMS 0x000000008e400000, 0x000000008e400000| Untracked 
| 229|0x000000008e500000, 0x000000008e500000, 0x000000008e600000|  0%| F|  |TAMS 0x000000008e500000, 0x000000008e500000| Untracked 
| 230|0x000000008e600000, 0x000000008e600000, 0x000000008e700000|  0%| F|  |TAMS 0x000000008e600000, 0x000000008e600000| Untracked 
| 231|0x000000008e700000, 0x000000008e700000, 0x000000008e800000|  0%| F|  |TAMS 0x000000008e700000, 0x000000008e700000| Untracked 
| 232|0x000000008e800000, 0x000000008e800000, 0x000000008e900000|  0%| F|  |TAMS 0x000000008e800000, 0x000000008e800000| Untracked 
| 233|0x000000008e900000, 0x000000008e900000, 0x000000008ea00000|  0%| F|  |TAMS 0x000000008e900000, 0x000000008e900000| Untracked 
| 234|0x000000008ea00000, 0x000000008ea00000, 0x000000008eb00000|  0%| F|  |TAMS 0x000000008ea00000, 0x000000008ea00000| Untracked 
| 235|0x000000008eb00000, 0x000000008eb00000, 0x000000008ec00000|  0%| F|  |TAMS 0x000000008eb00000, 0x000000008eb00000| Untracked 
| 236|0x000000008ec00000, 0x000000008ec00000, 0x000000008ed00000|  0%| F|  |TAMS 0x000000008ec00000, 0x000000008ec00000| Untracked 
| 237|0x000000008ed00000, 0x000000008ed00000, 0x000000008ee00000|  0%| F|  |TAMS 0x000000008ed00000, 0x000000008ed00000| Untracked 
| 238|0x000000008ee00000, 0x000000008ee00000, 0x000000008ef00000|  0%| F|  |TAMS 0x000000008ee00000, 0x000000008ee00000| Untracked 
| 239|0x000000008ef00000, 0x000000008ef00000, 0x000000008f000000|  0%| F|  |TAMS 0x000000008ef00000, 0x000000008ef00000| Untracked 
| 240|0x000000008f000000, 0x000000008f000000, 0x000000008f100000|  0%| F|  |TAMS 0x000000008f000000, 0x000000008f000000| Untracked 
| 241|0x000000008f100000, 0x000000008f100000, 0x000000008f200000|  0%| F|  |TAMS 0x000000008f100000, 0x000000008f100000| Untracked 
| 242|0x000000008f200000, 0x000000008f200000, 0x000000008f300000|  0%| F|  |TAMS 0x000000008f200000, 0x000000008f200000| Untracked 
| 243|0x000000008f300000, 0x000000008f400000, 0x000000008f400000|100%| E|  |TAMS 0x000000008f300000, 0x000000008f300000| Complete 
| 244|0x000000008f400000, 0x000000008f500000, 0x000000008f500000|100%| E|CS|TAMS 0x000000008f400000, 0x000000008f400000| Complete 
| 245|0x000000008f500000, 0x000000008f600000, 0x000000008f600000|100%| E|CS|TAMS 0x000000008f500000, 0x000000008f500000| Complete 
| 246|0x000000008f600000, 0x000000008f700000, 0x000000008f700000|100%| E|CS|TAMS 0x000000008f600000, 0x000000008f600000| Complete 
| 247|0x000000008f700000, 0x000000008f800000, 0x000000008f800000|100%| E|CS|TAMS 0x000000008f700000, 0x000000008f700000| Complete 
| 248|0x000000008f800000, 0x000000008f900000, 0x000000008f900000|100%| E|CS|TAMS 0x000000008f800000, 0x000000008f800000| Complete 
| 249|0x000000008f900000, 0x000000008fa00000, 0x000000008fa00000|100%| E|CS|TAMS 0x000000008f900000, 0x000000008f900000| Complete 
| 250|0x000000008fa00000, 0x000000008fb00000, 0x000000008fb00000|100%| E|CS|TAMS 0x000000008fa00000, 0x000000008fa00000| Complete 
| 251|0x000000008fb00000, 0x000000008fc00000, 0x000000008fc00000|100%| E|CS|TAMS 0x000000008fb00000, 0x000000008fb00000| Complete 
| 252|0x000000008fc00000, 0x000000008fd00000, 0x000000008fd00000|100%| E|CS|TAMS 0x000000008fc00000, 0x000000008fc00000| Complete 
| 253|0x000000008fd00000, 0x000000008fe00000, 0x000000008fe00000|100%| E|CS|TAMS 0x000000008fd00000, 0x000000008fd00000| Complete 

Card table byte_map: [0x00000271b9660000,0x00000271b9a60000] _byte_map_base: 0x00000271b9260000

Marking Bits (Prev, Next): (CMBitMap*) 0x00000271a4545ec8, (CMBitMap*) 0x00000271a4545f00
 Prev Bits: [0x00000271b9e60000, 0x00000271bbe60000)
 Next Bits: [0x00000271bbe60000, 0x00000271bde60000)

Polling page: 0x00000271a45e0000

Metaspace:

Usage:
  Non-class:     32.63 MB capacity,    32.00 MB ( 98%) used,   547.24 KB (  2%) free+waste,    90.75 KB ( <1%) overhead. 
      Class:      5.19 MB capacity,     4.80 MB ( 92%) used,   354.88 KB (  7%) free+waste,    44.75 KB ( <1%) overhead. 
       Both:     37.81 MB capacity,    36.80 MB ( 97%) used,   902.13 KB (  2%) free+waste,   135.50 KB ( <1%) overhead. 

Virtual space:
  Non-class space:       34.00 MB reserved,      32.82 MB ( 97%) committed 
      Class space:        1.00 GB reserved,       5.25 MB ( <1%) committed 
             Both:        1.03 GB reserved,      38.07 MB (  4%) committed 

Chunk freelists:
   Non-Class:  72.00 KB
       Class:  31.00 KB
        Both:  103.00 KB

MaxMetaspaceSize: 17179869184.00 GB
CompressedClassSpaceSize: 1.00 GB

CodeHeap 'non-profiled nmethods': size=120000Kb used=1618Kb max_used=1618Kb free=118381Kb
 bounds [0x00000271b12d0000, 0x00000271b1540000, 0x00000271b8800000]
CodeHeap 'profiled nmethods': size=120000Kb used=6489Kb max_used=6489Kb free=113511Kb
 bounds [0x00000271a9da0000, 0x00000271aa400000, 0x00000271b12d0000]
CodeHeap 'non-nmethods': size=5760Kb used=1510Kb max_used=1510Kb free=4249Kb
 bounds [0x00000271a9800000, 0x00000271a9a70000, 0x00000271a9da0000]
 total_blobs=3766 nmethods=3148 adapters=529
 compilation: enabled
              stopped_count=0, restarted_count=0
 full_count=0

Compilation events (20 events):
Event: 3.847 Thread 0x00000271c1215000 3115       3       org.codehaus.groovy.reflection.ClassInfo::getClassInfo (13 bytes)
Event: 3.848 Thread 0x00000271c1215000 nmethod 3115 0x00000271aa3e3510 code [0x00000271aa3e3760, 0x00000271aa3e4238]
Event: 3.848 Thread 0x00000271c1215000 3113       3       java.lang.CharacterDataLatin1::getPropertiesEx (11 bytes)
Event: 3.848 Thread 0x00000271c1215000 nmethod 3113 0x00000271aa3e4610 code [0x00000271aa3e47c0, 0x00000271aa3e48f8]
Event: 3.850 Thread 0x00000271c1215000 3116       1       java.util.logging.Logger::getName (5 bytes)
Event: 3.850 Thread 0x00000271c1215000 nmethod 3116 0x00000271b1460f90 code [0x00000271b1461140, 0x00000271b14611f8]
Event: 3.850 Thread 0x00000271c1215000 3117       3       java.lang.StringConcatHelper::mixCoder (8 bytes)
Event: 3.850 Thread 0x00000271c1215000 nmethod 3117 0x00000271aa3e4a10 code [0x00000271aa3e4bc0, 0x00000271aa3e4d38]
Event: 3.873 Thread 0x00000271c2d09000 nmethod 3073 0x00000271b1461290 code [0x00000271b1461500, 0x00000271b1462f60]
Event: 3.874 Thread 0x00000271c2d09000 3081   !   4       jdk.internal.loader.URLClassPath$JarLoader::getResource (353 bytes)
Event: 3.886 Thread 0x00000271c1215000 3119       3       sun.nio.fs.WindowsPathParser::isSlash (18 bytes)
Event: 3.886 Thread 0x00000271c1215000 nmethod 3119 0x00000271aa3e4e10 code [0x00000271aa3e4fc0, 0x00000271aa3e5138]
Event: 3.893 Thread 0x00000271c1215000 3120       3       sun.nio.fs.WindowsNativeDispatcher::asNativeBuffer (103 bytes)
Event: 3.895 Thread 0x00000271c1215000 nmethod 3120 0x00000271aa3e5210 code [0x00000271aa3e5580, 0x00000271aa3e6938]
Event: 3.895 Thread 0x00000271c1215000 3121       3       jdk.internal.misc.Unsafe::putChar (8 bytes)
Event: 3.895 Thread 0x00000271c1215000 nmethod 3121 0x00000271aa3e7110 code [0x00000271aa3e72c0, 0x00000271aa3e73d8]
Event: 3.896 Thread 0x00000271c1215000 3123   !   3       java.util.zip.Inflater::end (37 bytes)
Event: 3.897 Thread 0x00000271c1215000 nmethod 3123 0x00000271aa3e7490 code [0x00000271aa3e7660, 0x00000271aa3e7ae8]
Event: 3.898 Thread 0x00000271c1215000 3124       3       java.lang.invoke.MethodType::dropParameterTypes (162 bytes)
Event: 3.899 Thread 0x00000271c1215000 nmethod 3124 0x00000271aa3e7c90 code [0x00000271aa3e7fc0, 0x00000271aa3e9128]

GC Heap History (8 events):
Event: 0.515 GC heap before
{Heap before GC invocations=0 (full 0):
 garbage-first heap   total 260096K, used 29696K [0x0000000080000000, 0x0000000100000000)
  region size 1024K, 24 young (24576K), 0 survivors (0K)
 Metaspace       used 9850K, capacity 10050K, committed 10112K, reserved 1058816K
  class space    used 1028K, capacity 1102K, committed 1152K, reserved 1048576K
}
Event: 0.518 GC heap after
{Heap after GC invocations=1 (full 0):
 garbage-first heap   total 260096K, used 9386K [0x0000000080000000, 0x0000000100000000)
  region size 1024K, 3 young (3072K), 3 survivors (3072K)
 Metaspace       used 9850K, capacity 10050K, committed 10112K, reserved 1058816K
  class space    used 1028K, capacity 1102K, committed 1152K, reserved 1048576K
}
Event: 2.512 GC heap before
{Heap before GC invocations=1 (full 0):
 garbage-first heap   total 260096K, used 106666K [0x0000000080000000, 0x0000000100000000)
  region size 1024K, 99 young (101376K), 3 survivors (3072K)
 Metaspace       used 20648K, capacity 21112K, committed 21296K, reserved 1069056K
  class space    used 2528K, capacity 2674K, committed 2688K, reserved 1048576K
}
Event: 2.520 GC heap after
{Heap after GC invocations=2 (full 0):
 garbage-first heap   total 260096K, used 16797K [0x0000000080000000, 0x0000000100000000)
  region size 1024K, 11 young (11264K), 11 survivors (11264K)
 Metaspace       used 20648K, capacity 21112K, committed 21296K, reserved 1069056K
  class space    used 2528K, capacity 2674K, committed 2688K, reserved 1048576K
}
Event: 2.841 GC heap before
{Heap before GC invocations=3 (full 0):
 garbage-first heap   total 260096K, used 58781K [0x0000000080000000, 0x0000000100000000)
  region size 1024K, 52 young (53248K), 11 survivors (11264K)
 Metaspace       used 24863K, capacity 25427K, committed 25648K, reserved 1071104K
  class space    used 3199K, capacity 3415K, committed 3456K, reserved 1048576K
}
Event: 2.847 GC heap after
{Heap after GC invocations=4 (full 0):
 garbage-first heap   total 260096K, used 18584K [0x0000000080000000, 0x0000000100000000)
  region size 1024K, 2 young (2048K), 2 survivors (2048K)
 Metaspace       used 24863K, capacity 25427K, committed 25648K, reserved 1071104K
  class space    used 3199K, capacity 3415K, committed 3456K, reserved 1048576K
}
Event: 3.725 GC heap before
{Heap before GC invocations=4 (full 0):
 garbage-first heap   total 260096K, used 111768K [0x0000000080000000, 0x0000000100000000)
  region size 1024K, 86 young (88064K), 2 survivors (2048K)
 Metaspace       used 34535K, capacity 35481K, committed 35632K, reserved 1079296K
  class space    used 4539K, capacity 4892K, committed 4992K, reserved 1048576K
}
Event: 3.737 GC heap after
{Heap after GC invocations=5 (full 0):
 garbage-first heap   total 260096K, used 35533K [0x0000000080000000, 0x0000000100000000)
  region size 1024K, 10 young (10240K), 10 survivors (10240K)
 Metaspace       used 34535K, capacity 35481K, committed 35632K, reserved 1079296K
  class space    used 4539K, capacity 4892K, committed 4992K, reserved 1048576K
}

Deoptimization events (20 events):
Event: 3.823 Thread 0x00000271c3941000 Uncommon trap: trap_request=0xffffff4d fr.pc=0x00000271b141bb30 relative=0x0000000000000290
Event: 3.823 Thread 0x00000271c3941000 Uncommon trap: reason=unstable_if action=reinterpret pc=0x00000271b141bb30 method=jdk.internal.org.objectweb.asm.Type.getArgumentsAndReturnSizes(Ljava/lang/String;)I @ 136 c2
Event: 3.823 Thread 0x00000271c3941000 DEOPT PACKING pc=0x00000271b141bb30 sp=0x0000008cffbf54a0
Event: 3.823 Thread 0x00000271c3941000 DEOPT UNPACKING pc=0x00000271a982662f sp=0x0000008cffbf5438 mode 2
Event: 3.829 Thread 0x00000271c3941000 Uncommon trap: trap_request=0xffffff5c fr.pc=0x00000271b1368ca0 relative=0x0000000000000e60
Event: 3.829 Thread 0x00000271c3941000 Uncommon trap: reason=speculate_null_assert action=make_not_entrant pc=0x00000271b1368ca0 method=jdk.internal.loader.URLClassPath$JarLoader.getResource(Ljava/lang/String;ZLjava/util/Set;)Ljdk/internal/loader/Resource; @ 17 c2
Event: 3.829 Thread 0x00000271c3941000 DEOPT PACKING pc=0x00000271b1368ca0 sp=0x0000008cffbf4350
Event: 3.829 Thread 0x00000271c3941000 DEOPT UNPACKING pc=0x00000271a982662f sp=0x0000008cffbf42f8 mode 2
Event: 3.886 Thread 0x00000271c3941000 Uncommon trap: trap_request=0xffffff4d fr.pc=0x00000271b1360408 relative=0x00000000000014e8
Event: 3.886 Thread 0x00000271c3941000 Uncommon trap: reason=unstable_if action=reinterpret pc=0x00000271b1360408 method=sun.nio.fs.WindowsPathParser.isSlash(C)Z @ 9 c2
Event: 3.886 Thread 0x00000271c3941000 DEOPT PACKING pc=0x00000271b1360408 sp=0x0000008cffbf8350
Event: 3.886 Thread 0x00000271c3941000 DEOPT UNPACKING pc=0x00000271a982662f sp=0x0000008cffbf82e0 mode 2
Event: 3.886 Thread 0x00000271c3941000 Uncommon trap: trap_request=0xffffff4d fr.pc=0x00000271b12e905c relative=0x000000000000003c
Event: 3.886 Thread 0x00000271c3941000 Uncommon trap: reason=unstable_if action=reinterpret pc=0x00000271b12e905c method=sun.nio.fs.WindowsPathParser.isSlash(C)Z @ 9 c2
Event: 3.886 Thread 0x00000271c3941000 DEOPT PACKING pc=0x00000271b12e905c sp=0x0000008cffbf8350
Event: 3.886 Thread 0x00000271c3941000 DEOPT UNPACKING pc=0x00000271a982662f sp=0x0000008cffbf82d8 mode 2
Event: 3.891 Thread 0x00000271c3941000 Uncommon trap: trap_request=0xffffffc6 fr.pc=0x00000271b1426ef0 relative=0x0000000000005150
Event: 3.891 Thread 0x00000271c3941000 Uncommon trap: reason=bimorphic_or_optimized_type_check action=maybe_recompile pc=0x00000271b1426ef0 method=java.net.URL.<init>(Ljava/net/URL;Ljava/lang/String;Ljava/net/URLStreamHandler;)V @ 504 c2
Event: 3.891 Thread 0x00000271c3941000 DEOPT PACKING pc=0x00000271b1426ef0 sp=0x0000008cffbf65c0
Event: 3.891 Thread 0x00000271c3941000 DEOPT UNPACKING pc=0x00000271a982662f sp=0x0000008cffbf6560 mode 2

Classes redefined (0 events):
No events

Internal exceptions (20 events):
Event: 3.363 Thread 0x00000271c3941000 Exception <a 'java/lang/NoSuchMethodError'{0x000000008c4c8a68}: 'java.lang.Object java.lang.invoke.Invokers$Holder.linkToTargetMethod(java.lang.Object, java.lang.Object, java.lang.Object, java.lang.Object, java.lang.Object, java.lang.Object, java.lang.Object, java.lang.Object)'> (0x000000008c4c8a68) thrown at [./src/hotspot/share/interpreter/linkResolver.cpp, line 773]
Event: 3.365 Thread 0x00000271c3941000 Exception <a 'java/lang/NoSuchMethodError'{0x000000008c4fd028}: 'java.lang.Object java.lang.invoke.DirectMethodHandle$Holder.invokeVirtual(java.lang.Object, java.lang.Object, java.lang.Object)'> (0x000000008c4fd028) thrown at [./src/hotspot/share/interpreter/linkResolver.cpp, line 773]
Event: 3.374 Thread 0x00000271c3941000 Exception <a 'java/lang/NoSuchMethodError'{0x000000008c3d0680}: 'java.lang.Object java.lang.invoke.Invokers$Holder.linkToTargetMethod(java.lang.Object, java.lang.Object, java.lang.Object, java.lang.Object, java.lang.Object, java.lang.Object, java.lang.Object)'> (0x000000008c3d0680) thrown at [./src/hotspot/share/interpreter/linkResolver.cpp, line 773]
Event: 3.376 Thread 0x00000271c3941000 Exception <a 'java/lang/IncompatibleClassChangeError'{0x000000008c20f110}: Found class java.lang.Object, but interface was expected> (0x000000008c20f110) thrown at [./src/hotspot/share/interpreter/linkResolver.cpp, line 839]
Event: 3.410 Thread 0x00000271c3941000 Exception <a 'java/lang/NoSuchMethodError'{0x000000008bffae60}: 'int java.lang.invoke.DirectMethodHandle$Holder.invokeVirtual(java.lang.Object, java.lang.Object)'> (0x000000008bffae60) thrown at [./src/hotspot/share/interpreter/linkResolver.cpp, line 773]
Event: 3.512 Thread 0x00000271c3941000 Exception <a 'java/lang/NoSuchMethodError'{0x000000008b4d8de8}: 'int java.lang.invoke.DirectMethodHandle$Holder.invokeStatic(java.lang.Object, java.lang.Object, java.lang.Object, java.lang.Object, java.lang.Object)'> (0x000000008b4d8de8) thrown at [./src/hotspot/share/interpreter/linkResolver.cpp, line 773]
Event: 3.542 Thread 0x00000271c3941000 Exception <a 'java/lang/NoSuchMethodError'{0x000000008b28c470}: 'void java.lang.invoke.DirectMethodHandle$Holder.invokeStaticInit(java.lang.Object, java.lang.Object, java.lang.Object, java.lang.Object)'> (0x000000008b28c470) thrown at [./src/hotspot/share/interpreter/linkResolver.cpp, line 773]
Event: 3.596 Thread 0x00000271c3941000 Exception <a 'java/lang/NoSuchMethodError'{0x000000008aec0ca0}: 'void java.lang.invoke.DirectMethodHandle$Holder.invokeStaticInit(java.lang.Object, java.lang.Object, java.lang.Object)'> (0x000000008aec0ca0) thrown at [./src/hotspot/share/interpreter/linkResolver.cpp, line 773]
Event: 3.599 Thread 0x00000271c3941000 Exception <a 'java/lang/NoSuchMethodError'{0x000000008aee64d0}: 'void java.lang.invoke.DirectMethodHandle$Holder.invokeStaticInit(java.lang.Object, java.lang.Object, java.lang.Object, java.lang.Object, java.lang.Object)'> (0x000000008aee64d0) thrown at [./src/hotspot/share/interpreter/linkResolver.cpp, line 773]
Event: 3.631 Thread 0x00000271c3941000 Exception <a 'java/lang/NoSuchMethodError'{0x000000008ad5d830}: 'int java.lang.invoke.DirectMethodHandle$Holder.invokeStaticInit(java.lang.Object, java.lang.Object, java.lang.Object, java.lang.Object)'> (0x000000008ad5d830) thrown at [./src/hotspot/share/interpreter/linkResolver.cpp, line 773]
Event: 3.823 Thread 0x00000271c3941000 Exception <a 'java/lang/NoSuchMethodError'{0x000000008f911c00}: 'java.lang.Object java.lang.invoke.DirectMethodHandle$Holder.invokeStatic(java.lang.Object, java.lang.Object, java.lang.Object, java.lang.Object, java.lang.Object, java.lang.Object, java.lang.Object, java.lang.Object, java.lang.Object, java.lang.Object, java.lang.Object, int)'> (0x000000008f911c00) thrown at [./src/hotspot/share/interpreter/linkResolver.cpp, line 773]
Event: 3.825 Thread 0x00000271c3941000 Exception <a 'java/lang/NoSuchMethodError'{0x000000008f930848}: 'java.lang.Object java.lang.invoke.DirectMethodHandle$Holder.invokeStatic(java.lang.Object, java.lang.Object, java.lang.Object, java.lang.Object, java.lang.Object, java.lang.Object, java.lang.Object, java.lang.Object, java.lang.Object, java.lang.Object, java.lang.Object, int, int)'> (0x000000008f930848) thrown at [./src/hotspot/share/interpreter/linkResolver.cpp, line 773]
Event: 3.826 Thread 0x00000271c3941000 Exception <a 'java/lang/NoSuchMethodError'{0x000000008f950320}: 'java.lang.Object java.lang.invoke.DirectMethodHandle$Holder.invokeStatic(java.lang.Object, java.lang.Object, java.lang.Object, java.lang.Object, java.lang.Object, java.lang.Object, java.lang.Object, java.lang.Object, java.lang.Object, java.lang.Object, java.lang.Object, int, int, java.lang.Object)'> (0x000000008f950320) thrown at [./src/hotspot/share/interpreter/linkResolver.cpp, line 773]
Event: 3.828 Thread 0x00000271c3941000 Exception <a 'java/lang/NoSuchMethodError'{0x000000008f9716c0}: 'java.lang.Object java.lang.invoke.DirectMethodHandle$Holder.invokeStatic(java.lang.Object, java.lang.Object, java.lang.Object, java.lang.Object, java.lang.Object, java.lang.Object, java.lang.Object, java.lang.Object, java.lang.Object, java.lang.Object, java.lang.Object, int, int, java.lang.Object, java.lang.Object)'> (0x000000008f9716c0) thrown at [./src/hotspot/share/interpreter/linkResolver.cpp, line 773]
Event: 3.830 Thread 0x00000271c3941000 Exception <a 'java/lang/ClassNotFoundException'{0x000000008f9a1918}: groovy/lang/ExpandoMetaClassBeanInfo> (0x000000008f9a1918) thrown at [./src/hotspot/share/classfile/systemDictionary.cpp, line 231]
Event: 3.831 Thread 0x00000271c3941000 Exception <a 'java/lang/ClassNotFoundException'{0x000000008f9c1b80}: groovy/lang/MetaClassImplBeanInfo> (0x000000008f9c1b80) thrown at [./src/hotspot/share/classfile/systemDictionary.cpp, line 231]
Event: 3.831 Thread 0x00000271c3941000 Exception <a 'java/lang/ClassNotFoundException'{0x000000008f9cae38}: java/lang/ObjectBeanInfo> (0x000000008f9cae38) thrown at [./src/hotspot/share/classfile/systemDictionary.cpp, line 231]
Event: 3.832 Thread 0x00000271c3941000 Exception <a 'java/lang/ClassNotFoundException'{0x000000008f9d6530}: java/lang/ObjectCustomizer> (0x000000008f9d6530) thrown at [./src/hotspot/share/classfile/systemDictionary.cpp, line 231]
Event: 3.836 Thread 0x00000271c3941000 Exception <a 'java/lang/ClassNotFoundException'{0x000000008f9fd4e8}: groovy/lang/MetaClassImplCustomizer> (0x000000008f9fd4e8) thrown at [./src/hotspot/share/classfile/systemDictionary.cpp, line 231]
Event: 3.839 Thread 0x00000271c3941000 Exception <a 'java/lang/ClassNotFoundException'{0x000000008f83d5f0}: groovy/lang/ExpandoMetaClassCustomizer> (0x000000008f83d5f0) thrown at [./src/hotspot/share/classfile/systemDictionary.cpp, line 231]

Events (20 events):
Event: 3.896 loading class java/nio/file/DirectoryNotEmptyException
Event: 3.897 loading class java/nio/file/DirectoryNotEmptyException done
Event: 3.897 loading class java/nio/file/NotDirectoryException
Event: 3.897 loading class java/nio/file/NotDirectoryException done
Event: 3.897 loading class java/nio/file/ReadOnlyFileSystemException
Event: 3.897 loading class java/nio/file/ReadOnlyFileSystemException done
Event: 3.898 loading class sun/nio/fs/WindowsFileSystemProvider$1
Event: 3.898 loading class sun/nio/fs/WindowsFileSystemProvider$1 done
Event: 3.899 loading class sun/nio/fs/WindowsAclFileAttributeView
Event: 3.899 loading class sun/nio/fs/AbstractAclFileAttributeView
Event: 3.899 loading class java/nio/file/attribute/AclFileAttributeView
Event: 3.899 loading class java/nio/file/attribute/FileOwnerAttributeView
Event: 3.899 loading class java/nio/file/attribute/FileOwnerAttributeView done
Event: 3.899 loading class java/nio/file/attribute/AclFileAttributeView done
Event: 3.899 loading class sun/nio/fs/AbstractAclFileAttributeView done
Event: 3.899 loading class sun/nio/fs/WindowsAclFileAttributeView done
Event: 3.899 loading class sun/nio/fs/WindowsSecurity
Event: 3.899 loading class sun/nio/fs/WindowsSecurity done
Event: 3.900 loading class sun/nio/fs/WindowsFileStore
Event: 3.900 loading class sun/nio/fs/WindowsFileStore done


Dynamic libraries:
0x00007ff6934b0000 - 0x00007ff6934ba000 	C:\Program Files\Android\Android Studio\jre\bin\java.exe
0x00007ffa782e0000 - 0x00007ffa784e9000 	C:\WINDOWS\SYSTEM32\ntdll.dll
0x00007ffa77fd0000 - 0x00007ffa7808d000 	C:\WINDOWS\System32\KERNEL32.DLL
0x00007ffa75c90000 - 0x00007ffa76004000 	C:\WINDOWS\System32\KERNELBASE.dll
0x00007ffa75920000 - 0x00007ffa75a31000 	C:\WINDOWS\System32\ucrtbase.dll
0x00007ffa50bd0000 - 0x00007ffa50be9000 	C:\Program Files\Android\Android Studio\jre\bin\jli.dll
0x00007ffa50860000 - 0x00007ffa50877000 	C:\Program Files\Android\Android Studio\jre\bin\VCRUNTIME140.dll
0x00007ffa77c80000 - 0x00007ffa77e2c000 	C:\WINDOWS\System32\USER32.dll
0x00007ffa5d0f0000 - 0x00007ffa5d395000 	C:\WINDOWS\WinSxS\amd64_microsoft.windows.common-controls_6595b64144ccf1df_6.0.22000.120_none_9d947278b86cc467\COMCTL32.dll
0x00007ffa757d0000 - 0x00007ffa757f6000 	C:\WINDOWS\System32\win32u.dll
0x00007ffa77f20000 - 0x00007ffa77fc3000 	C:\WINDOWS\System32\msvcrt.dll
0x00007ffa77750000 - 0x00007ffa77779000 	C:\WINDOWS\System32\GDI32.dll
0x00007ffa75ab0000 - 0x00007ffa75bc2000 	C:\WINDOWS\System32\gdi32full.dll
0x00007ffa75880000 - 0x00007ffa7591d000 	C:\WINDOWS\System32\msvcp_win.dll
0x00007ffa77c40000 - 0x00007ffa77c71000 	C:\WINDOWS\System32\IMM32.DLL
0x00007ffa29950000 - 0x00007ffa299ed000 	C:\Program Files\Android\Android Studio\jre\bin\msvcp140.dll
0x00007ffa26630000 - 0x00007ffa27105000 	C:\Program Files\Android\Android Studio\jre\bin\server\jvm.dll
0x00007ffa779d0000 - 0x00007ffa77a7e000 	C:\WINDOWS\System32\ADVAPI32.dll
0x00007ffa76180000 - 0x00007ffa7621e000 	C:\WINDOWS\System32\sechost.dll
0x00007ffa774b0000 - 0x00007ffa775d0000 	C:\WINDOWS\System32\RPCRT4.dll
0x00007ffa78090000 - 0x00007ffa78098000 	C:\WINDOWS\System32\PSAPI.DLL
0x00007ffa62f30000 - 0x00007ffa62f39000 	C:\WINDOWS\SYSTEM32\WSOCK32.dll
0x00007ffa6fd90000 - 0x00007ffa6fdc3000 	C:\WINDOWS\SYSTEM32\WINMM.dll
0x00007ffa6fd10000 - 0x00007ffa6fd1a000 	C:\WINDOWS\SYSTEM32\VERSION.dll
0x00007ffa775d0000 - 0x00007ffa7763f000 	C:\WINDOWS\System32\WS2_32.dll
0x00007ffa74900000 - 0x00007ffa74918000 	C:\WINDOWS\SYSTEM32\kernel.appcore.dll
0x00007ffa71a80000 - 0x00007ffa71a91000 	C:\Program Files\Android\Android Studio\jre\bin\verify.dll
0x00007ffa73480000 - 0x00007ffa736a1000 	C:\WINDOWS\SYSTEM32\DBGHELP.DLL
0x00007ffa576b0000 - 0x00007ffa576e1000 	C:\WINDOWS\SYSTEM32\dbgcore.DLL
0x00007ffa75800000 - 0x00007ffa7587f000 	C:\WINDOWS\System32\bcryptPrimitives.dll
0x00007ffa64ac0000 - 0x00007ffa64ae9000 	C:\Program Files\Android\Android Studio\jre\bin\java.dll
0x00007ffa71b80000 - 0x00007ffa71b8b000 	C:\Program Files\Android\Android Studio\jre\bin\jimage.dll
0x00007ffa64b80000 - 0x00007ffa64b98000 	C:\Program Files\Android\Android Studio\jre\bin\zip.dll
0x00007ffa76bd0000 - 0x00007ffa7737e000 	C:\WINDOWS\System32\SHELL32.dll
0x00007ffa73900000 - 0x00007ffa74168000 	C:\WINDOWS\SYSTEM32\windows.storage.dll
0x00007ffa76230000 - 0x00007ffa765a8000 	C:\WINDOWS\System32\combase.dll
0x00007ffa73790000 - 0x00007ffa738f6000 	C:\WINDOWS\SYSTEM32\wintypes.dll
0x00007ffa77b50000 - 0x00007ffa77c3a000 	C:\WINDOWS\System32\SHCORE.dll
0x00007ffa76a80000 - 0x00007ffa76add000 	C:\WINDOWS\System32\shlwapi.dll
0x00007ffa75700000 - 0x00007ffa75721000 	C:\WINDOWS\SYSTEM32\profapi.dll
0x00007ffa63c00000 - 0x00007ffa63c1a000 	C:\Program Files\Android\Android Studio\jre\bin\net.dll
0x00007ffa6eae0000 - 0x00007ffa6ebec000 	C:\WINDOWS\SYSTEM32\WINHTTP.dll
0x00007ffa74d60000 - 0x00007ffa74dc7000 	C:\WINDOWS\system32\mswsock.dll
0x00007ffa5fef0000 - 0x00007ffa5ff04000 	C:\Program Files\Android\Android Studio\jre\bin\nio.dll
0x00007ffa50a90000 - 0x00007ffa50ab7000 	C:\Users\anas\.gradle\native\e1d6ef7f7dcc3fd88c89a11ec53ec762bb8ba0a96d01ffa2cd45eb1d1d8dd5c5\windows-amd64\native-platform.dll
0x00007ffa27ab0000 - 0x00007ffa27bf4000 	C:\Users\anas\.gradle\native\5664cfc778a61ccfe75a443a1ab52a65af34e5dc3c78e0209fed803814484fcb\windows-amd64\native-platform-file-events.dll
0x00007ffa71240000 - 0x00007ffa7124a000 	C:\Program Files\Android\Android Studio\jre\bin\management.dll
0x00007ffa70800000 - 0x00007ffa7080d000 	C:\Program Files\Android\Android Studio\jre\bin\management_ext.dll
0x00007ffa75020000 - 0x00007ffa75038000 	C:\WINDOWS\SYSTEM32\CRYPTSP.dll
0x00007ffa74860000 - 0x00007ffa74895000 	C:\WINDOWS\system32\rsaenh.dll
0x00007ffa74ec0000 - 0x00007ffa74ee9000 	C:\WINDOWS\SYSTEM32\USERENV.dll
0x00007ffa751b0000 - 0x00007ffa751d7000 	C:\WINDOWS\SYSTEM32\bcrypt.dll
0x00007ffa75010000 - 0x00007ffa7501c000 	C:\WINDOWS\SYSTEM32\CRYPTBASE.dll
0x00007ffa74380000 - 0x00007ffa743ad000 	C:\WINDOWS\SYSTEM32\IPHLPAPI.DLL
0x00007ffa77380000 - 0x00007ffa77389000 	C:\WINDOWS\System32\NSI.dll
0x00007ffa6fbd0000 - 0x00007ffa6fbe9000 	C:\WINDOWS\SYSTEM32\dhcpcsvc6.DLL
0x00007ffa6fd70000 - 0x00007ffa6fd8e000 	C:\WINDOWS\SYSTEM32\dhcpcsvc.DLL
0x00007ffa743e0000 - 0x00007ffa744c7000 	C:\WINDOWS\SYSTEM32\DNSAPI.dll

dbghelp: loaded successfully - version: 4.0.5 - missing functions: none
symbol engine: initialized successfully - sym options: 0x614 - pdb path: .;C:\Program Files\Android\Android Studio\jre\bin;C:\WINDOWS\SYSTEM32;C:\WINDOWS\WinSxS\amd64_microsoft.windows.common-controls_6595b64144ccf1df_6.0.22000.120_none_9d947278b86cc467;C:\Program Files\Android\Android Studio\jre\bin\server;C:\Users\anas\.gradle\native\e1d6ef7f7dcc3fd88c89a11ec53ec762bb8ba0a96d01ffa2cd45eb1d1d8dd5c5\windows-amd64;C:\Users\anas\.gradle\native\5664cfc778a61ccfe75a443a1ab52a65af34e5dc3c78e0209fed803814484fcb\windows-amd64

VM Arguments:
jvm_args: --add-opens=java.base/java.util=ALL-UNNAMED --add-opens=java.base/java.lang=ALL-UNNAMED --add-opens=java.base/java.lang.invoke=ALL-UNNAMED --add-opens=java.base/java.util=ALL-UNNAMED --add-opens=java.prefs/java.util.prefs=ALL-UNNAMED --add-opens=java.prefs/java.util.prefs=ALL-UNNAMED --add-opens=java.base/java.nio.charset=ALL-UNNAMED --add-opens=java.base/java.net=ALL-UNNAMED --add-opens=java.base/java.util.concurrent.atomic=ALL-UNNAMED -Xmx2048m -Dfile.encoding=UTF-8 -Duser.country=US -Duser.language=en -Duser.variant 
java_command: org.gradle.launcher.daemon.bootstrap.GradleDaemon 7.2
java_class_path (initial): C:\Users\anas\.gradle\wrapper\dists\gradle-7.2-bin\2dnblmf4td7x66yl1d74lt32g\gradle-7.2\lib\gradle-launcher-7.2.jar
Launcher Type: SUN_STANDARD

[Global flags]
     intx CICompilerCount                          = 4                                         {product} {ergonomic}
     uint ConcGCThreads                            = 2                                         {product} {ergonomic}
     uint G1ConcRefinementThreads                  = 8                                         {product} {ergonomic}
   size_t G1HeapRegionSize                         = 1048576                                   {product} {ergonomic}
    uintx GCDrainStackTargetSize                   = 64                                        {product} {ergonomic}
   size_t InitialHeapSize                          = 266338304                                 {product} {ergonomic}
   size_t MarkStackSize                            = 4194304                                   {product} {ergonomic}
   size_t MaxHeapSize                              = 2147483648                                {product} {command line}
   size_t MaxNewSize                               = 1287651328                                {product} {ergonomic}
   size_t MinHeapDeltaBytes                        = 1048576                                   {product} {ergonomic}
    uintx NonNMethodCodeHeapSize                   = 5836300                                {pd product} {ergonomic}
    uintx NonProfiledCodeHeapSize                  = 122910970                              {pd product} {ergonomic}
    uintx ProfiledCodeHeapSize                     = 122910970                              {pd product} {ergonomic}
    uintx ReservedCodeCacheSize                    = 251658240                              {pd product} {ergonomic}
     bool SegmentedCodeCache                       = true                                      {product} {ergonomic}
     bool UseCompressedClassPointers               = true                                 {lp64_product} {ergonomic}
     bool UseCompressedOops                        = true                                 {lp64_product} {ergonomic}
     bool UseG1GC                                  = true                                      {product} {ergonomic}
     bool UseLargePagesIndividualAllocation        = false                                  {pd product} {ergonomic}

Logging:
Log output configuration:
 #0: stdout all=warning uptime,level,tags
 #1: stderr all=off uptime,level,tags

Environment Variables:
JAVA_HOME=C:\Program Files\Java\jdk1.8.0_211
CLASSPATH=.;
PATH=C:\Program Files\Python37\Scripts\;C:\Program Files\Python37\;C:\Python38\Scripts\;C:\Python38\;C:\Python27\;C:\Python27\Scripts;C:\Program Files (x86)\Common Files\Oracle\Java\javapath;C:\Windows\system32;C:\Windows;C:\Windows\System32\Wbem;C:\Windows\System32\WindowsPowerShell\v1.0\;C:\Windows\System32\OpenSSH\;C:\Program Files (x86)\NVIDIA Corporation\PhysX\Common;C:\Program Files\NVIDIA Corporation\NVIDIA NvDLISR;C:\Program Files (x86)\Git\cmd;C:\src\dart-sdk\bin;C:\ProgramData\chocolatey\bin;C:\Users\anas\AppData\Local\Android\Sdk\platform-tools;C:\Users\anas\AppData\Local\Android\Sdk\tools;C:\Python38;C:\Program Files\Java\jdk1.8.0_251\bin;C:\gradle\gradle-5.6.4\bin;C:\Program Files\Java\jdk1.8.0_211\bin;C:\Users\anas\AppData\Local\Android\Sdk\ndk-bundle;C:\Program Files\dotnet\;C:\Program Files\nodejs\;C:\Program Files\PuTTY\;C:\Program Files\Inkscape\bin;C:\xampp\php;C:\ProgramData\ComposerSetup\bin;C:\Program Files\Go\bin;C:\WINDOWS\system32;C:\WINDOWS;C:\WINDOWS\System32\Wbem;C:\WINDOWS\System32\WindowsPowerShell\v1.0\;C:\WINDOWS\System32\OpenSSH\;C:\Program Files\Docker\Docker\resources\bin;C:\ProgramData\DockerDesktop\version-bin;C:\Program Files (x86)\dotnet\;C:\Users\anas\AppData\Local\Microsoft\WindowsApps;C:\Users\anas\AppData\Local\Programs\Microsoft VS Code\bin;C:\src\flutter\bin;C:\src\dart-sdk\bin;C:\Users\anas\AppData\Local\Android\Sdk\platform-tools;C:\Users\anas\AppData\Local\Android\Sdk\tools;C:\Python38;C:\Program Files\Java\jdk1.8.0_251\bin;C:\gradle\gradle-5.6.4\bin;C:\Users\anas\AppData\Local\Android\Sdk\ndk-bundle;C:\Users\anas\AppData\Roaming\npm;C:\xampp\php;C:\Users\anas\AppData\Roaming\Composer\vendor\bin;C:\Users\anas\AppData\Local\gitkraken\bin;C:\Users\anas\go\bin;C:\Users\anas\AppData\Local\Microsoft\WindowsApps;C:\tools\dart-sdk\bin;C:\Users\anas\AppData\Roaming\Pub\Cache\bin;C:\Users\anas\AppData\Local\GitHubDesktop\bin;
USERNAME=anas
OS=Windows_NT
PROCESSOR_IDENTIFIER=Intel64 Family 6 Model 158 Stepping 10, GenuineIntel



---------------  S Y S T E M  ---------------

OS: Windows 10 , 64 bit Build 22000 (10.0.22000.434)
OS uptime: 10 days 1:14 hours
Hyper-V role detected

CPU:total 8 (initial active 8) (4 cores per cpu, 2 threads per core) family 6 model 158 stepping 10 microcode 0xde, cmov, cx8, fxsr, mmx, sse, sse2, sse3, ssse3, sse4.1, sse4.2, popcnt, avx, avx2, aes, clmul, erms, 3dnowpref, lzcnt, ht, tsc, tscinvbit, bmi1, bmi2, adx, fma

Memory: 4k page, system-wide physical 16236M (1954M free)
TotalPageFile size 32620M (AvailPageFile size 4M)
current process WorkingSet (physical memory assigned to process): 290M, peak: 293M
current process commit charge ("private bytes"): 451M, peak: 452M

vm_info: OpenJDK 64-Bit Server VM (11.0.11+9-b60-7590822) for windows-amd64 JRE (11.0.11+9-b60-7590822), built on Jul 29 2021 21:43:44 by "builder" with MS VC++ 14.0 (VS2015)

END.
