#
# There is insufficient memory for the Java Runtime Environment to continue.
# Native memory allocation (malloc) failed to allocate 2097936 bytes for Chunk::new
# Possible reasons:
#   The system is out of physical RAM or swap space
#   The process is running with CompressedOops enabled, and the Java Heap may be blocking the growth of the native heap
# Possible solutions:
#   Reduce memory load on the system
#   Increase physical memory or swap space
#   Check if swap backing store is full
#   Decrease Java heap size (-Xmx/-Xms)
#   Decrease number of Java threads
#   Decrease Java thread stack sizes (-Xss)
#   Set larger code cache with -XX:ReservedCodeCacheSize=
#   JVM is running with Unscaled Compressed Oops mode in which the Java heap is
#     placed in the first 4GB address space. The Java Heap base address is the
#     maximum limit for the native heap growth. Please use -XX:HeapBaseMinAddress
#     to set the Java Heap base and to place the Java Heap above 4GB virtual address.
# This output file may be truncated or incomplete.
#
#  Out of Memory Error (./src/hotspot/share/memory/arena.cpp:197), pid=5492, tid=26728
#
# JRE version: OpenJDK Runtime Environment (11.0.11+9) (build 11.0.11+9-b60-7590822)
# Java VM: OpenJDK 64-Bit Server VM (11.0.11+9-b60-7590822, mixed mode, tiered, compressed oops, g1 gc, windows-amd64)
# No core dump will be written. Minidumps are not enabled by default on client versions of Windows
#

---------------  S U M M A R Y ------------

Command Line: --add-opens=java.base/java.util=ALL-UNNAMED --add-opens=java.base/java.lang=ALL-UNNAMED --add-opens=java.base/java.lang.invoke=ALL-UNNAMED --add-opens=java.base/java.util=ALL-UNNAMED --add-opens=java.prefs/java.util.prefs=ALL-UNNAMED --add-opens=java.prefs/java.util.prefs=ALL-UNNAMED --add-opens=java.base/java.nio.charset=ALL-UNNAMED --add-opens=java.base/java.net=ALL-UNNAMED --add-opens=java.base/java.util.concurrent.atomic=ALL-UNNAMED -Xmx2048m -Dfile.encoding=UTF-8 -Duser.country=US -Duser.language=en -Duser.variant org.gradle.launcher.daemon.bootstrap.GradleDaemon 7.2

Host: Intel(R) Core(TM) i5-9300H CPU @ 2.40GHz, 8 cores, 15G,  Windows 10 , 64 bit Build 22000 (10.0.22000.434)
Time: Tue Apr 19 11:55:36 2022 India Standard Time elapsed time: 4.623201 seconds (0d 0h 0m 4s)

---------------  T H R E A D  ---------------

Current thread (0x000002c5b1775000):  JavaThread "C2 CompilerThread1" daemon [_thread_in_native, id=26728, stack(0x000000e9fd400000,0x000000e9fd500000)]


Current CompileTask:
C2:   4623 2811       4       jdk.internal.loader.URLClassPath::getResource (74 bytes)

Stack: [0x000000e9fd400000,0x000000e9fd500000]
Native frames: (J=compiled Java code, j=interpreted, Vv=VM code, C=native code)
V  [jvm.dll+0x5f214a]
V  [jvm.dll+0x726fb5]
V  [jvm.dll+0x7285cd]
V  [jvm.dll+0x728c83]
V  [jvm.dll+0x243278]
V  [jvm.dll+0xbc53c]
V  [jvm.dll+0xbca3c]
V  [jvm.dll+0x353e3b]
V  [jvm.dll+0x321893]
V  [jvm.dll+0x320d8a]
V  [jvm.dll+0x1fc1e2]
V  [jvm.dll+0x1fb3d4]
V  [jvm.dll+0x183d6c]
V  [jvm.dll+0x209a57]
V  [jvm.dll+0x2082a1]
V  [jvm.dll+0x6ef58f]
V  [jvm.dll+0x6e80b5]
V  [jvm.dll+0x5f1036]
C  [ucrtbase.dll+0x26c0c]
C  [KERNEL32.DLL+0x154e0]
C  [ntdll.dll+0x485b]


---------------  P R O C E S S  ---------------

Threads class SMR info:
_java_thread_list=0x000002c5b4302c10, length=40, elements={
0x000002c593e6f000, 0x000002c5aeb65800, 0x000002c5aeb71000, 0x000002c5aebc4800,
0x000002c5aebc7000, 0x000002c5aebc8000, 0x000002c5aebd7800, 0x000002c5aebdb800,
0x000002c5aebe5800, 0x000002c5aed55000, 0x000002c5aed55800, 0x000002c5aed52800,
0x000002c5aed56800, 0x000002c5aed54000, 0x000002c5aed51000, 0x000002c5aed57800,
0x000002c5aed51800, 0x000002c5aed53000, 0x000002c5b12c6800, 0x000002c5b12c7800,
0x000002c5b12c2000, 0x000002c5b12c4000, 0x000002c5b12c6000, 0x000002c5b1775000,
0x000002c5b12c8800, 0x000002c5b12c2800, 0x000002c5b12c5000, 0x000002c5b12c9000,
0x000002c5b12c3800, 0x000002c5b12cb800, 0x000002c5b12cf000, 0x000002c5b12cf800,
0x000002c5b12cd000, 0x000002c5b12ca000, 0x000002c5b12d0800, 0x000002c5b12cb000,
0x000002c5b12cc800, 0x000002c5b12ce000, 0x000002c5b25d2000, 0x000002c5b2493800
}

Java Threads: ( => current thread )
  0x000002c593e6f000 JavaThread "main" [_thread_blocked, id=12780, stack(0x000000e9fae00000,0x000000e9faf00000)]
  0x000002c5aeb65800 JavaThread "Reference Handler" daemon [_thread_blocked, id=1248, stack(0x000000e9fb500000,0x000000e9fb600000)]
  0x000002c5aeb71000 JavaThread "Finalizer" daemon [_thread_blocked, id=24200, stack(0x000000e9fb600000,0x000000e9fb700000)]
  0x000002c5aebc4800 JavaThread "Signal Dispatcher" daemon [_thread_blocked, id=15800, stack(0x000000e9fb700000,0x000000e9fb800000)]
  0x000002c5aebc7000 JavaThread "Attach Listener" daemon [_thread_blocked, id=7548, stack(0x000000e9fb800000,0x000000e9fb900000)]
  0x000002c5aebc8000 JavaThread "Service Thread" daemon [_thread_blocked, id=10872, stack(0x000000e9fb900000,0x000000e9fba00000)]
  0x000002c5aebd7800 JavaThread "C2 CompilerThread0" daemon [_thread_in_native, id=17932, stack(0x000000e9fba00000,0x000000e9fbb00000)]
  0x000002c5aebdb800 JavaThread "C1 CompilerThread0" daemon [_thread_blocked, id=2984, stack(0x000000e9fbb00000,0x000000e9fbc00000)]
  0x000002c5aebe5800 JavaThread "Sweeper thread" daemon [_thread_blocked, id=2156, stack(0x000000e9fbc00000,0x000000e9fbd00000)]
  0x000002c5aed55000 JavaThread "Common-Cleaner" daemon [_thread_blocked, id=31936, stack(0x000000e9fbd00000,0x000000e9fbe00000)]
  0x000002c5aed55800 JavaThread "Daemon health stats" [_thread_blocked, id=29068, stack(0x000000e9fc600000,0x000000e9fc700000)]
  0x000002c5aed52800 JavaThread "Incoming local TCP Connector on port 60700" [_thread_in_native, id=3048, stack(0x000000e9fbf00000,0x000000e9fc000000)]
  0x000002c5aed56800 JavaThread "Daemon periodic checks" [_thread_blocked, id=11960, stack(0x000000e9fc000000,0x000000e9fc100000)]
  0x000002c5aed54000 JavaThread "Daemon" [_thread_blocked, id=22964, stack(0x000000e9fc700000,0x000000e9fc800000)]
  0x000002c5aed51000 JavaThread "Handler for socket connection from /127.0.0.1:60700 to /127.0.0.1:60701" [_thread_in_native, id=12968, stack(0x000000e9fc800000,0x000000e9fc900000)]
  0x000002c5aed57800 JavaThread "Cancel handler" [_thread_blocked, id=24788, stack(0x000000e9fc900000,0x000000e9fca00000)]
  0x000002c5aed51800 JavaThread "Daemon worker" [_thread_in_vm, id=27752, stack(0x000000e9fca00000,0x000000e9fcb00000)]
  0x000002c5aed53000 JavaThread "Asynchronous log dispatcher for DefaultDaemonConnection: socket connection from /127.0.0.1:60700 to /127.0.0.1:60701" [_thread_blocked, id=3992, stack(0x000000e9fcb00000,0x000000e9fcc00000)]
  0x000002c5b12c6800 JavaThread "Stdin handler" [_thread_blocked, id=15096, stack(0x000000e9fcc00000,0x000000e9fcd00000)]
  0x000002c5b12c7800 JavaThread "Daemon client event forwarder" [_thread_blocked, id=11804, stack(0x000000e9fcd00000,0x000000e9fce00000)]
  0x000002c5b12c2000 JavaThread "Cache worker for journal cache (C:\Users\anas\.gradle\caches\journal-1)" [_thread_blocked, id=2480, stack(0x000000e9fce00000,0x000000e9fcf00000)]
  0x000002c5b12c4000 JavaThread "File lock request listener" [_thread_in_native, id=5044, stack(0x000000e9fcf00000,0x000000e9fd000000)]
  0x000002c5b12c6000 JavaThread "Cache worker for file hash cache (C:\Users\anas\.gradle\caches\7.2\fileHashes)" [_thread_blocked, id=23280, stack(0x000000e9fd300000,0x000000e9fd400000)]
=>0x000002c5b1775000 JavaThread "C2 CompilerThread1" daemon [_thread_in_native, id=26728, stack(0x000000e9fd400000,0x000000e9fd500000)]
  0x000002c5b12c8800 JavaThread "Cache worker for file hash cache (E:\ClgProject\.gradle\7.2\fileHashes)" [_thread_blocked, id=22476, stack(0x000000e9fd500000,0x000000e9fd600000)]
  0x000002c5b12c2800 JavaThread "File watcher server" daemon [_thread_in_native, id=20340, stack(0x000000e9fd600000,0x000000e9fd700000)]
  0x000002c5b12c5000 JavaThread "File watcher consumer" daemon [_thread_blocked, id=24096, stack(0x000000e9fd700000,0x000000e9fd800000)]
  0x000002c5b12c9000 JavaThread "jar transforms" [_thread_blocked, id=29960, stack(0x000000e9fd800000,0x000000e9fd900000)]
  0x000002c5b12c3800 JavaThread "jar transforms Thread 2" [_thread_blocked, id=16224, stack(0x000000e9fd900000,0x000000e9fda00000)]
  0x000002c5b12cb800 JavaThread "jar transforms Thread 3" [_thread_blocked, id=7928, stack(0x000000e9fda00000,0x000000e9fdb00000)]
  0x000002c5b12cf000 JavaThread "jar transforms Thread 4" [_thread_blocked, id=26684, stack(0x000000e9fdb00000,0x000000e9fdc00000)]
  0x000002c5b12cf800 JavaThread "jar transforms Thread 5" [_thread_blocked, id=18988, stack(0x000000e9fdc00000,0x000000e9fdd00000)]
  0x000002c5b12cd000 JavaThread "jar transforms Thread 6" [_thread_blocked, id=14416, stack(0x000000e9fdd00000,0x000000e9fde00000)]
  0x000002c5b12ca000 JavaThread "jar transforms Thread 7" [_thread_blocked, id=21108, stack(0x000000e9fde00000,0x000000e9fdf00000)]
  0x000002c5b12d0800 JavaThread "jar transforms Thread 8" [_thread_blocked, id=22076, stack(0x000000e9fdf00000,0x000000e9fe000000)]
  0x000002c5b12cb000 JavaThread "Cache worker for checksums cache (E:\ClgProject\.gradle\checksums)" [_thread_blocked, id=1244, stack(0x000000e9fe000000,0x000000e9fe100000)]
  0x000002c5b12cc800 JavaThread "Cache worker for cache directory md-supplier (C:\Users\anas\.gradle\caches\7.2\md-supplier)" [_thread_blocked, id=16968, stack(0x000000e9fe100000,0x000000e9fe200000)]
  0x000002c5b12ce000 JavaThread "Cache worker for cache directory md-rule (C:\Users\anas\.gradle\caches\7.2\md-rule)" [_thread_blocked, id=18392, stack(0x000000e9fe200000,0x000000e9fe300000)]
  0x000002c5b25d2000 JavaThread "C2 CompilerThread2" daemon [_thread_in_native, id=2960, stack(0x000000e9fe300000,0x000000e9fe400000)]
  0x000002c5b2493800 JavaThread "Cache worker for execution history cache (C:\Users\anas\.gradle\caches\7.2\executionHistory)" [_thread_blocked, id=7352, stack(0x000000e9fe400000,0x000000e9fe500000)]

Other Threads:
  0x000002c5aeb63800 VMThread "VM Thread" [stack: 0x000000e9fb400000,0x000000e9fb500000] [id=31096]
  0x000002c5aed98800 WatcherThread [stack: 0x000000e9fbe00000,0x000000e9fbf00000] [id=26464]
  0x000002c593e88800 GCTaskThread "GC Thread#0" [stack: 0x000000e9faf00000,0x000000e9fb000000] [id=3448]
  0x000002c5b0018800 GCTaskThread "GC Thread#1" [stack: 0x000000e9fc100000,0x000000e9fc200000] [id=20696]
  0x000002c5afe91000 GCTaskThread "GC Thread#2" [stack: 0x000000e9fc200000,0x000000e9fc300000] [id=1512]
  0x000002c5af2dd000 GCTaskThread "GC Thread#3" [stack: 0x000000e9fc300000,0x000000e9fc400000] [id=30464]
  0x000002c5b0282800 GCTaskThread "GC Thread#4" [stack: 0x000000e9fc400000,0x000000e9fc500000] [id=2580]
  0x000002c5b0283800 GCTaskThread "GC Thread#5" [stack: 0x000000e9fc500000,0x000000e9fc600000] [id=19432]
  0x000002c5b14a6000 GCTaskThread "GC Thread#6" [stack: 0x000000e9fd000000,0x000000e9fd100000] [id=29064]
  0x000002c5b182c800 GCTaskThread "GC Thread#7" [stack: 0x000000e9fd100000,0x000000e9fd200000] [id=15024]
  0x000002c593ebb800 ConcurrentGCThread "G1 Main Marker" [stack: 0x000000e9fb000000,0x000000e9fb100000] [id=28796]
  0x000002c593ebd000 ConcurrentGCThread "G1 Conc#0" [stack: 0x000000e9fb100000,0x000000e9fb200000] [id=9664]
  0x000002c5b1465800 ConcurrentGCThread "G1 Conc#1" [stack: 0x000000e9fd200000,0x000000e9fd300000] [id=20996]
  0x000002c5ae1b2800 ConcurrentGCThread "G1 Refine#0" [stack: 0x000000e9fb200000,0x000000e9fb300000] [id=15932]
  0x000002c5ae1b3800 ConcurrentGCThread "G1 Young RemSet Sampling" [stack: 0x000000e9fb300000,0x000000e9fb400000] [id=31220]

Threads with active compile tasks:
C2 CompilerThread0   4648 2998   !   4       sun.nio.fs.WindowsPath::initOffsets (153 bytes)
C2 CompilerThread1   4648 2811       4       jdk.internal.loader.URLClassPath::getResource (74 bytes)
C2 CompilerThread2   4648 2810  s!   4       jdk.internal.loader.URLClassPath::getLoader (194 bytes)

VM state:synchronizing (normal execution)

VM Mutex/Monitor currently owned by a thread:  ([mutex/lock_event])
[0x000002c593e6c040] Threads_lock - owner thread: 0x000002c5aeb63800
[0x000002c593e6bc50] Heap_lock - owner thread: 0x000002c593ebb800

Heap address: 0x0000000080000000, size: 2048 MB, Compressed Oops mode: 32-bit
Narrow klass base: 0x0000000000000000, Narrow klass shift: 3
Compressed class space size: 1073741824 Address: 0x0000000100000000

Heap:
 garbage-first heap   total 260096K, used 36243K [0x0000000080000000, 0x0000000100000000)
  region size 1024K, 11 young (11264K), 10 survivors (10240K)
 Metaspace       used 35063K, capacity 36054K, committed 36296K, reserved 1081344K
  class space    used 4586K, capacity 4956K, committed 4992K, reserved 1048576K
Heap Regions: E=young(eden), S=young(survivor), O=old, HS=humongous(starts), HC=humongous(continues), CS=collection set, F=free, A=archive, TAMS=top-at-mark-start (previous, next)
|   0|0x0000000080000000, 0x0000000080100000, 0x0000000080100000|100%|HS|  |TAMS 0x0000000080100000, 0x0000000080000000| Complete 
|   1|0x0000000080100000, 0x0000000080200000, 0x0000000080200000|100%|HC|  |TAMS 0x0000000080200000, 0x0000000080100000| Complete 
|   2|0x0000000080200000, 0x0000000080300000, 0x0000000080300000|100%| O|  |TAMS 0x0000000080300000, 0x0000000080200000| Updating 
|   3|0x0000000080300000, 0x0000000080400000, 0x0000000080400000|100%|HS|  |TAMS 0x0000000080400000, 0x0000000080300000| Complete 
|   4|0x0000000080400000, 0x0000000080500000, 0x0000000080500000|100%|HC|  |TAMS 0x0000000080500000, 0x0000000080400000| Complete 
|   5|0x0000000080500000, 0x0000000080600000, 0x0000000080600000|100%|HC|  |TAMS 0x0000000080600000, 0x0000000080500000| Complete 
|   6|0x0000000080600000, 0x0000000080700000, 0x0000000080700000|100%| O|  |TAMS 0x0000000080700000, 0x0000000080600000| Updating 
|   7|0x0000000080700000, 0x0000000080800000, 0x0000000080800000|100%| O|  |TAMS 0x0000000080800000, 0x0000000080700000| Updating 
|   8|0x0000000080800000, 0x0000000080900000, 0x0000000080900000|100%| O|  |TAMS 0x0000000080900000, 0x0000000080800000| Updating 
|   9|0x0000000080900000, 0x0000000080a00000, 0x0000000080a00000|100%|HS|  |TAMS 0x0000000080a00000, 0x0000000080900000| Complete 
|  10|0x0000000080a00000, 0x0000000080b00000, 0x0000000080b00000|100%|HC|  |TAMS 0x0000000080b00000, 0x0000000080a00000| Complete 
|  11|0x0000000080b00000, 0x0000000080c00000, 0x0000000080c00000|100%|HC|  |TAMS 0x0000000080c00000, 0x0000000080b00000| Complete 
|  12|0x0000000080c00000, 0x0000000080d00000, 0x0000000080d00000|100%|HS|  |TAMS 0x0000000080d00000, 0x0000000080c00000| Complete 
|  13|0x0000000080d00000, 0x0000000080e00000, 0x0000000080e00000|100%|HC|  |TAMS 0x0000000080e00000, 0x0000000080d00000| Complete 
|  14|0x0000000080e00000, 0x0000000080f00000, 0x0000000080f00000|100%|HC|  |TAMS 0x0000000080f00000, 0x0000000080e00000| Complete 
|  15|0x0000000080f00000, 0x0000000081000000, 0x0000000081000000|100%|HC|  |TAMS 0x0000000081000000, 0x0000000080f00000| Complete 
|  16|0x0000000081000000, 0x0000000081100000, 0x0000000081100000|100%| O|  |TAMS 0x0000000081100000, 0x0000000081000000| Updating 
|  17|0x0000000081100000, 0x0000000081200000, 0x0000000081200000|100%| O|  |TAMS 0x0000000081200000, 0x0000000081100000| Updating 
|  18|0x0000000081200000, 0x0000000081300000, 0x0000000081300000|100%| O|  |TAMS 0x0000000081300000, 0x0000000081200000| Complete 
|  19|0x0000000081300000, 0x0000000081400000, 0x0000000081400000|100%| O|  |TAMS 0x0000000081400000, 0x0000000081300000| Complete 
|  20|0x0000000081400000, 0x0000000081500000, 0x0000000081500000|100%| O|  |TAMS 0x0000000081500000, 0x0000000081400000| Complete 
|  21|0x0000000081500000, 0x0000000081600000, 0x0000000081600000|100%| O|  |TAMS 0x0000000081600000, 0x0000000081500000| Untracked 
|  22|0x0000000081600000, 0x0000000081700000, 0x0000000081700000|100%| O|  |TAMS 0x0000000081700000, 0x0000000081600000| Untracked 
|  23|0x0000000081700000, 0x0000000081800000, 0x0000000081800000|100%| O|  |TAMS 0x0000000081800000, 0x0000000081700000| Untracked 
|  24|0x0000000081800000, 0x0000000081900000, 0x0000000081900000|100%| O|  |TAMS 0x0000000081900000, 0x0000000081800000| Untracked 
|  25|0x0000000081900000, 0x000000008198a000, 0x0000000081a00000| 53%| O|  |TAMS 0x000000008198a000, 0x0000000081900000| Untracked 
|  26|0x0000000081a00000, 0x0000000081a00000, 0x0000000081b00000|  0%| F|  |TAMS 0x0000000081a00000, 0x0000000081a00000| Untracked 
|  27|0x0000000081b00000, 0x0000000081b00000, 0x0000000081c00000|  0%| F|  |TAMS 0x0000000081b00000, 0x0000000081b00000| Untracked 
|  28|0x0000000081c00000, 0x0000000081c00000, 0x0000000081d00000|  0%| F|  |TAMS 0x0000000081c00000, 0x0000000081c00000| Untracked 
|  29|0x0000000081d00000, 0x0000000081d00000, 0x0000000081e00000|  0%| F|  |TAMS 0x0000000081d00000, 0x0000000081d00000| Untracked 
|  30|0x0000000081e00000, 0x0000000081e00000, 0x0000000081f00000|  0%| F|  |TAMS 0x0000000081e00000, 0x0000000081e00000| Untracked 
|  31|0x0000000081f00000, 0x0000000081f00000, 0x0000000082000000|  0%| F|  |TAMS 0x0000000081f00000, 0x0000000081f00000| Untracked 
|  32|0x0000000082000000, 0x0000000082000000, 0x0000000082100000|  0%| F|  |TAMS 0x0000000082000000, 0x0000000082000000| Untracked 
|  33|0x0000000082100000, 0x0000000082100000, 0x0000000082200000|  0%| F|  |TAMS 0x0000000082100000, 0x0000000082100000| Untracked 
|  34|0x0000000082200000, 0x0000000082200000, 0x0000000082300000|  0%| F|  |TAMS 0x0000000082200000, 0x0000000082200000| Untracked 
|  35|0x0000000082300000, 0x0000000082300000, 0x0000000082400000|  0%| F|  |TAMS 0x0000000082300000, 0x0000000082300000| Untracked 
|  36|0x0000000082400000, 0x0000000082400000, 0x0000000082500000|  0%| F|  |TAMS 0x0000000082400000, 0x0000000082400000| Untracked 
|  37|0x0000000082500000, 0x0000000082500000, 0x0000000082600000|  0%| F|  |TAMS 0x0000000082500000, 0x0000000082500000| Untracked 
|  38|0x0000000082600000, 0x0000000082600000, 0x0000000082700000|  0%| F|  |TAMS 0x0000000082600000, 0x0000000082600000| Untracked 
|  39|0x0000000082700000, 0x0000000082700000, 0x0000000082800000|  0%| F|  |TAMS 0x0000000082700000, 0x0000000082700000| Untracked 
|  40|0x0000000082800000, 0x0000000082800000, 0x0000000082900000|  0%| F|  |TAMS 0x0000000082800000, 0x0000000082800000| Untracked 
|  41|0x0000000082900000, 0x0000000082900000, 0x0000000082a00000|  0%| F|  |TAMS 0x0000000082900000, 0x0000000082900000| Untracked 
|  42|0x0000000082a00000, 0x0000000082a00000, 0x0000000082b00000|  0%| F|  |TAMS 0x0000000082a00000, 0x0000000082a00000| Untracked 
|  43|0x0000000082b00000, 0x0000000082b00000, 0x0000000082c00000|  0%| F|  |TAMS 0x0000000082b00000, 0x0000000082b00000| Untracked 
|  44|0x0000000082c00000, 0x0000000082c00000, 0x0000000082d00000|  0%| F|  |TAMS 0x0000000082c00000, 0x0000000082c00000| Untracked 
|  45|0x0000000082d00000, 0x0000000082d00000, 0x0000000082e00000|  0%| F|  |TAMS 0x0000000082d00000, 0x0000000082d00000| Untracked 
|  46|0x0000000082e00000, 0x0000000082e00000, 0x0000000082f00000|  0%| F|  |TAMS 0x0000000082e00000, 0x0000000082e00000| Untracked 
|  47|0x0000000082f00000, 0x0000000082f00000, 0x0000000083000000|  0%| F|  |TAMS 0x0000000082f00000, 0x0000000082f00000| Untracked 
|  48|0x0000000083000000, 0x0000000083000000, 0x0000000083100000|  0%| F|  |TAMS 0x0000000083000000, 0x0000000083000000| Untracked 
|  49|0x0000000083100000, 0x0000000083100000, 0x0000000083200000|  0%| F|  |TAMS 0x0000000083100000, 0x0000000083100000| Untracked 
|  50|0x0000000083200000, 0x0000000083200000, 0x0000000083300000|  0%| F|  |TAMS 0x0000000083200000, 0x0000000083200000| Untracked 
|  51|0x0000000083300000, 0x0000000083300000, 0x0000000083400000|  0%| F|  |TAMS 0x0000000083300000, 0x0000000083300000| Untracked 
|  52|0x0000000083400000, 0x0000000083400000, 0x0000000083500000|  0%| F|  |TAMS 0x0000000083400000, 0x0000000083400000| Untracked 
|  53|0x0000000083500000, 0x0000000083500000, 0x0000000083600000|  0%| F|  |TAMS 0x0000000083500000, 0x0000000083500000| Untracked 
|  54|0x0000000083600000, 0x0000000083600000, 0x0000000083700000|  0%| F|  |TAMS 0x0000000083600000, 0x0000000083600000| Untracked 
|  55|0x0000000083700000, 0x0000000083700000, 0x0000000083800000|  0%| F|  |TAMS 0x0000000083700000, 0x0000000083700000| Untracked 
|  56|0x0000000083800000, 0x0000000083800000, 0x0000000083900000|  0%| F|  |TAMS 0x0000000083800000, 0x0000000083800000| Untracked 
|  57|0x0000000083900000, 0x0000000083900000, 0x0000000083a00000|  0%| F|  |TAMS 0x0000000083900000, 0x0000000083900000| Untracked 
|  58|0x0000000083a00000, 0x0000000083a00000, 0x0000000083b00000|  0%| F|  |TAMS 0x0000000083a00000, 0x0000000083a00000| Untracked 
|  59|0x0000000083b00000, 0x0000000083b00000, 0x0000000083c00000|  0%| F|  |TAMS 0x0000000083b00000, 0x0000000083b00000| Untracked 
|  60|0x0000000083c00000, 0x0000000083c00000, 0x0000000083d00000|  0%| F|  |TAMS 0x0000000083c00000, 0x0000000083c00000| Untracked 
|  61|0x0000000083d00000, 0x0000000083d00000, 0x0000000083e00000|  0%| F|  |TAMS 0x0000000083d00000, 0x0000000083d00000| Untracked 
|  62|0x0000000083e00000, 0x0000000083e00000, 0x0000000083f00000|  0%| F|  |TAMS 0x0000000083e00000, 0x0000000083e00000| Untracked 
|  63|0x0000000083f00000, 0x0000000083f00000, 0x0000000084000000|  0%| F|  |TAMS 0x0000000083f00000, 0x0000000083f00000| Untracked 
|  64|0x0000000084000000, 0x0000000084000000, 0x0000000084100000|  0%| F|  |TAMS 0x0000000084000000, 0x0000000084000000| Untracked 
|  65|0x0000000084100000, 0x0000000084100000, 0x0000000084200000|  0%| F|  |TAMS 0x0000000084100000, 0x0000000084100000| Untracked 
|  66|0x0000000084200000, 0x0000000084200000, 0x0000000084300000|  0%| F|  |TAMS 0x0000000084200000, 0x0000000084200000| Untracked 
|  67|0x0000000084300000, 0x0000000084300000, 0x0000000084400000|  0%| F|  |TAMS 0x0000000084300000, 0x0000000084300000| Untracked 
|  68|0x0000000084400000, 0x0000000084400000, 0x0000000084500000|  0%| F|  |TAMS 0x0000000084400000, 0x0000000084400000| Untracked 
|  69|0x0000000084500000, 0x0000000084500000, 0x0000000084600000|  0%| F|  |TAMS 0x0000000084500000, 0x0000000084500000| Untracked 
|  70|0x0000000084600000, 0x0000000084600000, 0x0000000084700000|  0%| F|  |TAMS 0x0000000084600000, 0x0000000084600000| Untracked 
|  71|0x0000000084700000, 0x0000000084700000, 0x0000000084800000|  0%| F|  |TAMS 0x0000000084700000, 0x0000000084700000| Untracked 
|  72|0x0000000084800000, 0x0000000084800000, 0x0000000084900000|  0%| F|  |TAMS 0x0000000084800000, 0x0000000084800000| Untracked 
|  73|0x0000000084900000, 0x0000000084900000, 0x0000000084a00000|  0%| F|  |TAMS 0x0000000084900000, 0x0000000084900000| Untracked 
|  74|0x0000000084a00000, 0x0000000084a00000, 0x0000000084b00000|  0%| F|  |TAMS 0x0000000084a00000, 0x0000000084a00000| Untracked 
|  75|0x0000000084b00000, 0x0000000084b00000, 0x0000000084c00000|  0%| F|  |TAMS 0x0000000084b00000, 0x0000000084b00000| Untracked 
|  76|0x0000000084c00000, 0x0000000084c00000, 0x0000000084d00000|  0%| F|  |TAMS 0x0000000084c00000, 0x0000000084c00000| Untracked 
|  77|0x0000000084d00000, 0x0000000084d00000, 0x0000000084e00000|  0%| F|  |TAMS 0x0000000084d00000, 0x0000000084d00000| Untracked 
|  78|0x0000000084e00000, 0x0000000084e00000, 0x0000000084f00000|  0%| F|  |TAMS 0x0000000084e00000, 0x0000000084e00000| Untracked 
|  79|0x0000000084f00000, 0x0000000084f00000, 0x0000000085000000|  0%| F|  |TAMS 0x0000000084f00000, 0x0000000084f00000| Untracked 
|  80|0x0000000085000000, 0x0000000085000000, 0x0000000085100000|  0%| F|  |TAMS 0x0000000085000000, 0x0000000085000000| Untracked 
|  81|0x0000000085100000, 0x0000000085100000, 0x0000000085200000|  0%| F|  |TAMS 0x0000000085100000, 0x0000000085100000| Untracked 
|  82|0x0000000085200000, 0x0000000085200000, 0x0000000085300000|  0%| F|  |TAMS 0x0000000085200000, 0x0000000085200000| Untracked 
|  83|0x0000000085300000, 0x0000000085300000, 0x0000000085400000|  0%| F|  |TAMS 0x0000000085300000, 0x0000000085300000| Untracked 
|  84|0x0000000085400000, 0x0000000085400000, 0x0000000085500000|  0%| F|  |TAMS 0x0000000085400000, 0x0000000085400000| Untracked 
|  85|0x0000000085500000, 0x0000000085500000, 0x0000000085600000|  0%| F|  |TAMS 0x0000000085500000, 0x0000000085500000| Untracked 
|  86|0x0000000085600000, 0x0000000085600000, 0x0000000085700000|  0%| F|  |TAMS 0x0000000085600000, 0x0000000085600000| Untracked 
|  87|0x0000000085700000, 0x0000000085700000, 0x0000000085800000|  0%| F|  |TAMS 0x0000000085700000, 0x0000000085700000| Untracked 
|  88|0x0000000085800000, 0x0000000085800000, 0x0000000085900000|  0%| F|  |TAMS 0x0000000085800000, 0x0000000085800000| Untracked 
|  89|0x0000000085900000, 0x0000000085900000, 0x0000000085a00000|  0%| F|  |TAMS 0x0000000085900000, 0x0000000085900000| Untracked 
|  90|0x0000000085a00000, 0x0000000085a00000, 0x0000000085b00000|  0%| F|  |TAMS 0x0000000085a00000, 0x0000000085a00000| Untracked 
|  91|0x0000000085b00000, 0x0000000085b00000, 0x0000000085c00000|  0%| F|  |TAMS 0x0000000085b00000, 0x0000000085b00000| Untracked 
|  92|0x0000000085c00000, 0x0000000085c00000, 0x0000000085d00000|  0%| F|  |TAMS 0x0000000085c00000, 0x0000000085c00000| Untracked 
|  93|0x0000000085d00000, 0x0000000085d00000, 0x0000000085e00000|  0%| F|  |TAMS 0x0000000085d00000, 0x0000000085d00000| Untracked 
|  94|0x0000000085e00000, 0x0000000085e00000, 0x0000000085f00000|  0%| F|  |TAMS 0x0000000085e00000, 0x0000000085e00000| Untracked 
|  95|0x0000000085f00000, 0x0000000085f00000, 0x0000000086000000|  0%| F|  |TAMS 0x0000000085f00000, 0x0000000085f00000| Untracked 
|  96|0x0000000086000000, 0x0000000086000000, 0x0000000086100000|  0%| F|  |TAMS 0x0000000086000000, 0x0000000086000000| Untracked 
|  97|0x0000000086100000, 0x0000000086100000, 0x0000000086200000|  0%| F|  |TAMS 0x0000000086100000, 0x0000000086100000| Untracked 
|  98|0x0000000086200000, 0x0000000086200000, 0x0000000086300000|  0%| F|  |TAMS 0x0000000086200000, 0x0000000086200000| Untracked 
|  99|0x0000000086300000, 0x0000000086300000, 0x0000000086400000|  0%| F|  |TAMS 0x0000000086300000, 0x0000000086300000| Untracked 
| 100|0x0000000086400000, 0x0000000086400000, 0x0000000086500000|  0%| F|  |TAMS 0x0000000086400000, 0x0000000086400000| Untracked 
| 101|0x0000000086500000, 0x0000000086500000, 0x0000000086600000|  0%| F|  |TAMS 0x0000000086500000, 0x0000000086500000| Untracked 
| 102|0x0000000086600000, 0x0000000086600000, 0x0000000086700000|  0%| F|  |TAMS 0x0000000086600000, 0x0000000086600000| Untracked 
| 103|0x0000000086700000, 0x0000000086700000, 0x0000000086800000|  0%| F|  |TAMS 0x0000000086700000, 0x0000000086700000| Untracked 
| 104|0x0000000086800000, 0x0000000086800000, 0x0000000086900000|  0%| F|  |TAMS 0x0000000086800000, 0x0000000086800000| Untracked 
| 105|0x0000000086900000, 0x0000000086900000, 0x0000000086a00000|  0%| F|  |TAMS 0x0000000086900000, 0x0000000086900000| Untracked 
| 106|0x0000000086a00000, 0x0000000086a00000, 0x0000000086b00000|  0%| F|  |TAMS 0x0000000086a00000, 0x0000000086a00000| Untracked 
| 107|0x0000000086b00000, 0x0000000086b00000, 0x0000000086c00000|  0%| F|  |TAMS 0x0000000086b00000, 0x0000000086b00000| Untracked 
| 108|0x0000000086c00000, 0x0000000086c00000, 0x0000000086d00000|  0%| F|  |TAMS 0x0000000086c00000, 0x0000000086c00000| Untracked 
| 109|0x0000000086d00000, 0x0000000086d00000, 0x0000000086e00000|  0%| F|  |TAMS 0x0000000086d00000, 0x0000000086d00000| Untracked 
| 110|0x0000000086e00000, 0x0000000086e00000, 0x0000000086f00000|  0%| F|  |TAMS 0x0000000086e00000, 0x0000000086e00000| Untracked 
| 111|0x0000000086f00000, 0x0000000086f00000, 0x0000000087000000|  0%| F|  |TAMS 0x0000000086f00000, 0x0000000086f00000| Untracked 
| 112|0x0000000087000000, 0x0000000087000000, 0x0000000087100000|  0%| F|  |TAMS 0x0000000087000000, 0x0000000087000000| Untracked 
| 113|0x0000000087100000, 0x0000000087100000, 0x0000000087200000|  0%| F|  |TAMS 0x0000000087100000, 0x0000000087100000| Untracked 
| 114|0x0000000087200000, 0x0000000087200000, 0x0000000087300000|  0%| F|  |TAMS 0x0000000087200000, 0x0000000087200000| Untracked 
| 115|0x0000000087300000, 0x0000000087300000, 0x0000000087400000|  0%| F|  |TAMS 0x0000000087300000, 0x0000000087300000| Untracked 
| 116|0x0000000087400000, 0x0000000087400000, 0x0000000087500000|  0%| F|  |TAMS 0x0000000087400000, 0x0000000087400000| Untracked 
| 117|0x0000000087500000, 0x0000000087500000, 0x0000000087600000|  0%| F|  |TAMS 0x0000000087500000, 0x0000000087500000| Untracked 
| 118|0x0000000087600000, 0x0000000087600000, 0x0000000087700000|  0%| F|  |TAMS 0x0000000087600000, 0x0000000087600000| Untracked 
| 119|0x0000000087700000, 0x0000000087700000, 0x0000000087800000|  0%| F|  |TAMS 0x0000000087700000, 0x0000000087700000| Untracked 
| 120|0x0000000087800000, 0x0000000087800000, 0x0000000087900000|  0%| F|  |TAMS 0x0000000087800000, 0x0000000087800000| Untracked 
| 121|0x0000000087900000, 0x0000000087900000, 0x0000000087a00000|  0%| F|  |TAMS 0x0000000087900000, 0x0000000087900000| Untracked 
| 122|0x0000000087a00000, 0x0000000087a00000, 0x0000000087b00000|  0%| F|  |TAMS 0x0000000087a00000, 0x0000000087a00000| Untracked 
| 123|0x0000000087b00000, 0x0000000087b00000, 0x0000000087c00000|  0%| F|  |TAMS 0x0000000087b00000, 0x0000000087b00000| Untracked 
| 124|0x0000000087c00000, 0x0000000087c00000, 0x0000000087d00000|  0%| F|  |TAMS 0x0000000087c00000, 0x0000000087c00000| Untracked 
| 125|0x0000000087d00000, 0x0000000087d00000, 0x0000000087e00000|  0%| F|  |TAMS 0x0000000087d00000, 0x0000000087d00000| Untracked 
| 126|0x0000000087e00000, 0x0000000087e00000, 0x0000000087f00000|  0%| F|  |TAMS 0x0000000087e00000, 0x0000000087e00000| Untracked 
| 127|0x0000000087f00000, 0x0000000087f00000, 0x0000000088000000|  0%| F|  |TAMS 0x0000000087f00000, 0x0000000087f00000| Untracked 
| 128|0x0000000088000000, 0x0000000088000000, 0x0000000088100000|  0%| F|  |TAMS 0x0000000088000000, 0x0000000088000000| Untracked 
| 129|0x0000000088100000, 0x0000000088100000, 0x0000000088200000|  0%| F|  |TAMS 0x0000000088100000, 0x0000000088100000| Untracked 
| 130|0x0000000088200000, 0x0000000088200000, 0x0000000088300000|  0%| F|  |TAMS 0x0000000088200000, 0x0000000088200000| Untracked 
| 131|0x0000000088300000, 0x0000000088300000, 0x0000000088400000|  0%| F|  |TAMS 0x0000000088300000, 0x0000000088300000| Untracked 
| 132|0x0000000088400000, 0x0000000088400000, 0x0000000088500000|  0%| F|  |TAMS 0x0000000088400000, 0x0000000088400000| Untracked 
| 133|0x0000000088500000, 0x0000000088500000, 0x0000000088600000|  0%| F|  |TAMS 0x0000000088500000, 0x0000000088500000| Untracked 
| 134|0x0000000088600000, 0x0000000088600000, 0x0000000088700000|  0%| F|  |TAMS 0x0000000088600000, 0x0000000088600000| Untracked 
| 135|0x0000000088700000, 0x0000000088700000, 0x0000000088800000|  0%| F|  |TAMS 0x0000000088700000, 0x0000000088700000| Untracked 
| 136|0x0000000088800000, 0x0000000088800000, 0x0000000088900000|  0%| F|  |TAMS 0x0000000088800000, 0x0000000088800000| Untracked 
| 137|0x0000000088900000, 0x0000000088900000, 0x0000000088a00000|  0%| F|  |TAMS 0x0000000088900000, 0x0000000088900000| Untracked 
| 138|0x0000000088a00000, 0x0000000088a00000, 0x0000000088b00000|  0%| F|  |TAMS 0x0000000088a00000, 0x0000000088a00000| Untracked 
| 139|0x0000000088b00000, 0x0000000088b00000, 0x0000000088c00000|  0%| F|  |TAMS 0x0000000088b00000, 0x0000000088b00000| Untracked 
| 140|0x0000000088c00000, 0x0000000088c00000, 0x0000000088d00000|  0%| F|  |TAMS 0x0000000088c00000, 0x0000000088c00000| Untracked 
| 141|0x0000000088d00000, 0x0000000088d00000, 0x0000000088e00000|  0%| F|  |TAMS 0x0000000088d00000, 0x0000000088d00000| Untracked 
| 142|0x0000000088e00000, 0x0000000088e00000, 0x0000000088f00000|  0%| F|  |TAMS 0x0000000088e00000, 0x0000000088e00000| Untracked 
| 143|0x0000000088f00000, 0x0000000088f00000, 0x0000000089000000|  0%| F|  |TAMS 0x0000000088f00000, 0x0000000088f00000| Untracked 
| 144|0x0000000089000000, 0x0000000089000000, 0x0000000089100000|  0%| F|  |TAMS 0x0000000089000000, 0x0000000089000000| Untracked 
| 145|0x0000000089100000, 0x0000000089100000, 0x0000000089200000|  0%| F|  |TAMS 0x0000000089100000, 0x0000000089100000| Untracked 
| 146|0x0000000089200000, 0x0000000089200000, 0x0000000089300000|  0%| F|  |TAMS 0x0000000089200000, 0x0000000089200000| Untracked 
| 147|0x0000000089300000, 0x0000000089300000, 0x0000000089400000|  0%| F|  |TAMS 0x0000000089300000, 0x0000000089300000| Untracked 
| 148|0x0000000089400000, 0x0000000089400000, 0x0000000089500000|  0%| F|  |TAMS 0x0000000089400000, 0x0000000089400000| Untracked 
| 149|0x0000000089500000, 0x0000000089500000, 0x0000000089600000|  0%| F|  |TAMS 0x0000000089500000, 0x0000000089500000| Untracked 
| 150|0x0000000089600000, 0x0000000089600000, 0x0000000089700000|  0%| F|  |TAMS 0x0000000089600000, 0x0000000089600000| Untracked 
| 151|0x0000000089700000, 0x0000000089700000, 0x0000000089800000|  0%| F|  |TAMS 0x0000000089700000, 0x0000000089700000| Untracked 
| 152|0x0000000089800000, 0x0000000089800000, 0x0000000089900000|  0%| F|  |TAMS 0x0000000089800000, 0x0000000089800000| Untracked 
| 153|0x0000000089900000, 0x0000000089900000, 0x0000000089a00000|  0%| F|  |TAMS 0x0000000089900000, 0x0000000089900000| Untracked 
| 154|0x0000000089a00000, 0x0000000089a00000, 0x0000000089b00000|  0%| F|  |TAMS 0x0000000089a00000, 0x0000000089a00000| Untracked 
| 155|0x0000000089b00000, 0x0000000089b00000, 0x0000000089c00000|  0%| F|  |TAMS 0x0000000089b00000, 0x0000000089b00000| Untracked 
| 156|0x0000000089c00000, 0x0000000089c00000, 0x0000000089d00000|  0%| F|  |TAMS 0x0000000089c00000, 0x0000000089c00000| Untracked 
| 157|0x0000000089d00000, 0x0000000089d00000, 0x0000000089e00000|  0%| F|  |TAMS 0x0000000089d00000, 0x0000000089d00000| Untracked 
| 158|0x0000000089e00000, 0x0000000089e00000, 0x0000000089f00000|  0%| F|  |TAMS 0x0000000089e00000, 0x0000000089e00000| Untracked 
| 159|0x0000000089f00000, 0x0000000089f00000, 0x000000008a000000|  0%| F|  |TAMS 0x0000000089f00000, 0x0000000089f00000| Untracked 
| 160|0x000000008a000000, 0x000000008a000000, 0x000000008a100000|  0%| F|  |TAMS 0x000000008a000000, 0x000000008a000000| Untracked 
| 161|0x000000008a100000, 0x000000008a100000, 0x000000008a200000|  0%| F|  |TAMS 0x000000008a100000, 0x000000008a100000| Untracked 
| 162|0x000000008a200000, 0x000000008a200000, 0x000000008a300000|  0%| F|  |TAMS 0x000000008a200000, 0x000000008a200000| Untracked 
| 163|0x000000008a300000, 0x000000008a300000, 0x000000008a400000|  0%| F|  |TAMS 0x000000008a300000, 0x000000008a300000| Untracked 
| 164|0x000000008a400000, 0x000000008a400000, 0x000000008a500000|  0%| F|  |TAMS 0x000000008a400000, 0x000000008a400000| Untracked 
| 165|0x000000008a500000, 0x000000008a500000, 0x000000008a600000|  0%| F|  |TAMS 0x000000008a500000, 0x000000008a500000| Untracked 
| 166|0x000000008a600000, 0x000000008a600000, 0x000000008a700000|  0%| F|  |TAMS 0x000000008a600000, 0x000000008a600000| Untracked 
| 167|0x000000008a700000, 0x000000008a700000, 0x000000008a800000|  0%| F|  |TAMS 0x000000008a700000, 0x000000008a700000| Untracked 
| 168|0x000000008a800000, 0x000000008a800000, 0x000000008a900000|  0%| F|  |TAMS 0x000000008a800000, 0x000000008a800000| Untracked 
| 169|0x000000008a900000, 0x000000008a900000, 0x000000008aa00000|  0%| F|  |TAMS 0x000000008a900000, 0x000000008a900000| Untracked 
| 170|0x000000008aa00000, 0x000000008aa00000, 0x000000008ab00000|  0%| F|  |TAMS 0x000000008aa00000, 0x000000008aa00000| Untracked 
| 171|0x000000008ab00000, 0x000000008ab00000, 0x000000008ac00000|  0%| F|  |TAMS 0x000000008ab00000, 0x000000008ab00000| Untracked 
| 172|0x000000008ac00000, 0x000000008ac00000, 0x000000008ad00000|  0%| F|  |TAMS 0x000000008ac00000, 0x000000008ac00000| Untracked 
| 173|0x000000008ad00000, 0x000000008ad00000, 0x000000008ae00000|  0%| F|  |TAMS 0x000000008ad00000, 0x000000008ad00000| Untracked 
| 174|0x000000008ae00000, 0x000000008ae00000, 0x000000008af00000|  0%| F|  |TAMS 0x000000008ae00000, 0x000000008ae00000| Untracked 
| 175|0x000000008af00000, 0x000000008af00000, 0x000000008b000000|  0%| F|  |TAMS 0x000000008af00000, 0x000000008af00000| Untracked 
| 176|0x000000008b000000, 0x000000008b000000, 0x000000008b100000|  0%| F|  |TAMS 0x000000008b000000, 0x000000008b000000| Untracked 
| 177|0x000000008b100000, 0x000000008b100000, 0x000000008b200000|  0%| F|  |TAMS 0x000000008b100000, 0x000000008b100000| Untracked 
| 178|0x000000008b200000, 0x000000008b2dad90, 0x000000008b300000| 85%| S|CS|TAMS 0x000000008b200000, 0x000000008b200000| Complete 
| 179|0x000000008b300000, 0x000000008b400000, 0x000000008b400000|100%| S|CS|TAMS 0x000000008b300000, 0x000000008b300000| Complete 
| 180|0x000000008b400000, 0x000000008b500000, 0x000000008b500000|100%| S|CS|TAMS 0x000000008b400000, 0x000000008b400000| Complete 
| 181|0x000000008b500000, 0x000000008b600000, 0x000000008b600000|100%| S|CS|TAMS 0x000000008b500000, 0x000000008b500000| Complete 
| 182|0x000000008b600000, 0x000000008b700000, 0x000000008b700000|100%| S|CS|TAMS 0x000000008b600000, 0x000000008b600000| Complete 
| 183|0x000000008b700000, 0x000000008b700000, 0x000000008b800000|  0%| F|  |TAMS 0x000000008b700000, 0x000000008b700000| Untracked 
| 184|0x000000008b800000, 0x000000008b800000, 0x000000008b900000|  0%| F|  |TAMS 0x000000008b800000, 0x000000008b800000| Untracked 
| 185|0x000000008b900000, 0x000000008b900000, 0x000000008ba00000|  0%| F|  |TAMS 0x000000008b900000, 0x000000008b900000| Untracked 
| 186|0x000000008ba00000, 0x000000008ba00000, 0x000000008bb00000|  0%| F|  |TAMS 0x000000008ba00000, 0x000000008ba00000| Untracked 
| 187|0x000000008bb00000, 0x000000008bb00000, 0x000000008bc00000|  0%| F|  |TAMS 0x000000008bb00000, 0x000000008bb00000| Untracked 
| 188|0x000000008bc00000, 0x000000008bc00000, 0x000000008bd00000|  0%| F|  |TAMS 0x000000008bc00000, 0x000000008bc00000| Untracked 
| 189|0x000000008bd00000, 0x000000008bd00000, 0x000000008be00000|  0%| F|  |TAMS 0x000000008bd00000, 0x000000008bd00000| Untracked 
| 190|0x000000008be00000, 0x000000008bf00000, 0x000000008bf00000|100%| S|CS|TAMS 0x000000008be00000, 0x000000008be00000| Complete 
| 191|0x000000008bf00000, 0x000000008c000000, 0x000000008c000000|100%| S|CS|TAMS 0x000000008bf00000, 0x000000008bf00000| Complete 
| 192|0x000000008c000000, 0x000000008c100000, 0x000000008c100000|100%| S|CS|TAMS 0x000000008c000000, 0x000000008c000000| Complete 
| 193|0x000000008c100000, 0x000000008c200000, 0x000000008c200000|100%| S|CS|TAMS 0x000000008c100000, 0x000000008c100000| Complete 
| 194|0x000000008c200000, 0x000000008c300000, 0x000000008c300000|100%| S|CS|TAMS 0x000000008c200000, 0x000000008c200000| Complete 
| 195|0x000000008c300000, 0x000000008c300000, 0x000000008c400000|  0%| F|  |TAMS 0x000000008c300000, 0x000000008c300000| Untracked 
| 196|0x000000008c400000, 0x000000008c400000, 0x000000008c500000|  0%| F|  |TAMS 0x000000008c400000, 0x000000008c400000| Untracked 
| 197|0x000000008c500000, 0x000000008c500000, 0x000000008c600000|  0%| F|  |TAMS 0x000000008c500000, 0x000000008c500000| Untracked 
| 198|0x000000008c600000, 0x000000008c600000, 0x000000008c700000|  0%| F|  |TAMS 0x000000008c600000, 0x000000008c600000| Untracked 
| 199|0x000000008c700000, 0x000000008c700000, 0x000000008c800000|  0%| F|  |TAMS 0x000000008c700000, 0x000000008c700000| Untracked 
| 200|0x000000008c800000, 0x000000008c800000, 0x000000008c900000|  0%| F|  |TAMS 0x000000008c800000, 0x000000008c800000| Untracked 
| 201|0x000000008c900000, 0x000000008c900000, 0x000000008ca00000|  0%| F|  |TAMS 0x000000008c900000, 0x000000008c900000| Untracked 
| 202|0x000000008ca00000, 0x000000008ca00000, 0x000000008cb00000|  0%| F|  |TAMS 0x000000008ca00000, 0x000000008ca00000| Untracked 
| 203|0x000000008cb00000, 0x000000008cb00000, 0x000000008cc00000|  0%| F|  |TAMS 0x000000008cb00000, 0x000000008cb00000| Untracked 
| 204|0x000000008cc00000, 0x000000008cc00000, 0x000000008cd00000|  0%| F|  |TAMS 0x000000008cc00000, 0x000000008cc00000| Untracked 
| 205|0x000000008cd00000, 0x000000008cd00000, 0x000000008ce00000|  0%| F|  |TAMS 0x000000008cd00000, 0x000000008cd00000| Untracked 
| 206|0x000000008ce00000, 0x000000008ce00000, 0x000000008cf00000|  0%| F|  |TAMS 0x000000008ce00000, 0x000000008ce00000| Untracked 
| 207|0x000000008cf00000, 0x000000008cf00000, 0x000000008d000000|  0%| F|  |TAMS 0x000000008cf00000, 0x000000008cf00000| Untracked 
| 208|0x000000008d000000, 0x000000008d000000, 0x000000008d100000|  0%| F|  |TAMS 0x000000008d000000, 0x000000008d000000| Untracked 
| 209|0x000000008d100000, 0x000000008d100000, 0x000000008d200000|  0%| F|  |TAMS 0x000000008d100000, 0x000000008d100000| Untracked 
| 210|0x000000008d200000, 0x000000008d200000, 0x000000008d300000|  0%| F|  |TAMS 0x000000008d200000, 0x000000008d200000| Untracked 
| 211|0x000000008d300000, 0x000000008d300000, 0x000000008d400000|  0%| F|  |TAMS 0x000000008d300000, 0x000000008d300000| Untracked 
| 212|0x000000008d400000, 0x000000008d400000, 0x000000008d500000|  0%| F|  |TAMS 0x000000008d400000, 0x000000008d400000| Untracked 
| 213|0x000000008d500000, 0x000000008d500000, 0x000000008d600000|  0%| F|  |TAMS 0x000000008d500000, 0x000000008d500000| Untracked 
| 214|0x000000008d600000, 0x000000008d600000, 0x000000008d700000|  0%| F|  |TAMS 0x000000008d600000, 0x000000008d600000| Untracked 
| 215|0x000000008d700000, 0x000000008d700000, 0x000000008d800000|  0%| F|  |TAMS 0x000000008d700000, 0x000000008d700000| Untracked 
| 216|0x000000008d800000, 0x000000008d800000, 0x000000008d900000|  0%| F|  |TAMS 0x000000008d800000, 0x000000008d800000| Untracked 
| 217|0x000000008d900000, 0x000000008d900000, 0x000000008da00000|  0%| F|  |TAMS 0x000000008d900000, 0x000000008d900000| Untracked 
| 218|0x000000008da00000, 0x000000008da00000, 0x000000008db00000|  0%| F|  |TAMS 0x000000008da00000, 0x000000008da00000| Untracked 
| 219|0x000000008db00000, 0x000000008db00000, 0x000000008dc00000|  0%| F|  |TAMS 0x000000008db00000, 0x000000008db00000| Untracked 
| 220|0x000000008dc00000, 0x000000008dc00000, 0x000000008dd00000|  0%| F|  |TAMS 0x000000008dc00000, 0x000000008dc00000| Untracked 
| 221|0x000000008dd00000, 0x000000008dd00000, 0x000000008de00000|  0%| F|  |TAMS 0x000000008dd00000, 0x000000008dd00000| Untracked 
| 222|0x000000008de00000, 0x000000008de00000, 0x000000008df00000|  0%| F|  |TAMS 0x000000008de00000, 0x000000008de00000| Untracked 
| 223|0x000000008df00000, 0x000000008df00000, 0x000000008e000000|  0%| F|  |TAMS 0x000000008df00000, 0x000000008df00000| Untracked 
| 224|0x000000008e000000, 0x000000008e000000, 0x000000008e100000|  0%| F|  |TAMS 0x000000008e000000, 0x000000008e000000| Untracked 
| 225|0x000000008e100000, 0x000000008e100000, 0x000000008e200000|  0%| F|  |TAMS 0x000000008e100000, 0x000000008e100000| Untracked 
| 226|0x000000008e200000, 0x000000008e200000, 0x000000008e300000|  0%| F|  |TAMS 0x000000008e200000, 0x000000008e200000| Untracked 
| 227|0x000000008e300000, 0x000000008e300000, 0x000000008e400000|  0%| F|  |TAMS 0x000000008e300000, 0x000000008e300000| Untracked 
| 228|0x000000008e400000, 0x000000008e400000, 0x000000008e500000|  0%| F|  |TAMS 0x000000008e400000, 0x000000008e400000| Untracked 
| 229|0x000000008e500000, 0x000000008e500000, 0x000000008e600000|  0%| F|  |TAMS 0x000000008e500000, 0x000000008e500000| Untracked 
| 230|0x000000008e600000, 0x000000008e600000, 0x000000008e700000|  0%| F|  |TAMS 0x000000008e600000, 0x000000008e600000| Untracked 
| 231|0x000000008e700000, 0x000000008e700000, 0x000000008e800000|  0%| F|  |TAMS 0x000000008e700000, 0x000000008e700000| Untracked 
| 232|0x000000008e800000, 0x000000008e800000, 0x000000008e900000|  0%| F|  |TAMS 0x000000008e800000, 0x000000008e800000| Untracked 
| 233|0x000000008e900000, 0x000000008e900000, 0x000000008ea00000|  0%| F|  |TAMS 0x000000008e900000, 0x000000008e900000| Untracked 
| 234|0x000000008ea00000, 0x000000008ea00000, 0x000000008eb00000|  0%| F|  |TAMS 0x000000008ea00000, 0x000000008ea00000| Untracked 
| 235|0x000000008eb00000, 0x000000008eb00000, 0x000000008ec00000|  0%| F|  |TAMS 0x000000008eb00000, 0x000000008eb00000| Untracked 
| 236|0x000000008ec00000, 0x000000008ec00000, 0x000000008ed00000|  0%| F|  |TAMS 0x000000008ec00000, 0x000000008ec00000| Untracked 
| 237|0x000000008ed00000, 0x000000008ed00000, 0x000000008ee00000|  0%| F|  |TAMS 0x000000008ed00000, 0x000000008ed00000| Untracked 
| 238|0x000000008ee00000, 0x000000008ee00000, 0x000000008ef00000|  0%| F|  |TAMS 0x000000008ee00000, 0x000000008ee00000| Untracked 
| 239|0x000000008ef00000, 0x000000008ef00000, 0x000000008f000000|  0%| F|  |TAMS 0x000000008ef00000, 0x000000008ef00000| Untracked 
| 240|0x000000008f000000, 0x000000008f000000, 0x000000008f100000|  0%| F|  |TAMS 0x000000008f000000, 0x000000008f000000| Untracked 
| 241|0x000000008f100000, 0x000000008f100000, 0x000000008f200000|  0%| F|  |TAMS 0x000000008f100000, 0x000000008f100000| Untracked 
| 242|0x000000008f200000, 0x000000008f200000, 0x000000008f300000|  0%| F|  |TAMS 0x000000008f200000, 0x000000008f200000| Untracked 
| 243|0x000000008f300000, 0x000000008f300000, 0x000000008f400000|  0%| F|  |TAMS 0x000000008f300000, 0x000000008f300000| Untracked 
| 244|0x000000008f400000, 0x000000008f400000, 0x000000008f500000|  0%| F|  |TAMS 0x000000008f400000, 0x000000008f400000| Untracked 
| 245|0x000000008f500000, 0x000000008f500000, 0x000000008f600000|  0%| F|  |TAMS 0x000000008f500000, 0x000000008f500000| Untracked 
| 246|0x000000008f600000, 0x000000008f600000, 0x000000008f700000|  0%| F|  |TAMS 0x000000008f600000, 0x000000008f600000| Untracked 
| 247|0x000000008f700000, 0x000000008f700000, 0x000000008f800000|  0%| F|  |TAMS 0x000000008f700000, 0x000000008f700000| Untracked 
| 248|0x000000008f800000, 0x000000008f800000, 0x000000008f900000|  0%| F|  |TAMS 0x000000008f800000, 0x000000008f800000| Untracked 
| 249|0x000000008f900000, 0x000000008f900000, 0x000000008fa00000|  0%| F|  |TAMS 0x000000008f900000, 0x000000008f900000| Untracked 
| 250|0x000000008fa00000, 0x000000008fa00000, 0x000000008fb00000|  0%| F|  |TAMS 0x000000008fa00000, 0x000000008fa00000| Untracked 
| 251|0x000000008fb00000, 0x000000008fb00000, 0x000000008fc00000|  0%| F|  |TAMS 0x000000008fb00000, 0x000000008fb00000| Untracked 
| 252|0x000000008fc00000, 0x000000008fc00000, 0x000000008fd00000|  0%| F|  |TAMS 0x000000008fc00000, 0x000000008fc00000| Untracked 
| 253|0x000000008fd00000, 0x000000008fe00000, 0x000000008fe00000|100%| E|  |TAMS 0x000000008fd00000, 0x000000008fd00000| Complete 

Card table byte_map: [0x000002c5a70a0000,0x000002c5a74a0000] _byte_map_base: 0x000002c5a6ca0000

Marking Bits (Prev, Next): (CMBitMap*) 0x000002c593eb1d78, (CMBitMap*) 0x000002c593eb1db0
 Prev Bits: [0x000002c5a78a0000, 0x000002c5a98a0000)
 Next Bits: [0x000002c5a98a0000, 0x000002c5ab8a0000)

Polling page: 0x000002c591e80000

Metaspace:

Usage:
  Non-class:     30.56 MB capacity,    29.93 MB ( 98%) used,   560.32 KB (  2%) free+waste,    84.38 KB ( <1%) overhead. 
      Class:      4.90 MB capacity,     4.51 MB ( 92%) used,   358.01 KB (  7%) free+waste,    41.94 KB ( <1%) overhead. 
       Both:     35.46 MB capacity,    34.44 MB ( 97%) used,   918.33 KB (  3%) free+waste,   126.31 KB ( <1%) overhead. 

Virtual space:
  Non-class space:       32.00 MB reserved,      30.82 MB ( 96%) committed 
      Class space:        1.00 GB reserved,       5.00 MB ( <1%) committed 
             Both:        1.03 GB reserved,      35.82 MB (  3%) committed 

Chunk freelists:
   Non-Class:  54.00 KB
       Class:  4.00 KB
        Both:  58.00 KB

MaxMetaspaceSize: 17179869184.00 GB
CompressedClassSpaceSize: 1.00 GB

CodeHeap 'non-profiled nmethods': size=120000Kb used=1556Kb max_used=1556Kb free=118443Kb
 bounds [0x000002c59f440000, 0x000002c59f6b0000, 0x000002c5a6970000]
CodeHeap 'profiled nmethods': size=120000Kb used=6262Kb max_used=6262Kb free=113737Kb
 bounds [0x000002c597f10000, 0x000002c598530000, 0x000002c59f440000]
CodeHeap 'non-nmethods': size=5760Kb used=1201Kb max_used=1208Kb free=4558Kb
 bounds [0x000002c597970000, 0x000002c597be0000, 0x000002c597f10000]
 total_blobs=3514 nmethods=2997 adapters=426
 compilation: enabled
              stopped_count=0, restarted_count=0
 full_count=0

Compilation events (20 events):
Event: 4.616 Thread 0x000002c5aebdb800 nmethod 2978 0x000002c598523910 code [0x000002c598523ae0, 0x000002c598523d18]
Event: 4.616 Thread 0x000002c5aebdb800 2979       3       java.util.regex.Pattern::lambda$clazz$1 (22 bytes)
Event: 4.616 Thread 0x000002c5aebdb800 nmethod 2979 0x000002c598523e90 code [0x000002c598524040, 0x000002c5985241f8]
Event: 4.616 Thread 0x000002c5aebdb800 2975       3       org.codehaus.groovy.reflection.ReflectionUtils::checkCanSetAccessible (11 bytes)
Event: 4.616 Thread 0x000002c5aebdb800 nmethod 2975 0x000002c598524310 code [0x000002c5985244c0, 0x000002c5985245e8]
Event: 4.616 Thread 0x000002c5aebdb800 2976       3       org.codehaus.groovy.reflection.CachedClass::getCachedSuperClass (11 bytes)
Event: 4.616 Thread 0x000002c5aebdb800 nmethod 2976 0x000002c598524690 code [0x000002c598524860, 0x000002c598524b08]
Event: 4.616 Thread 0x000002c5aebd7800 nmethod 2970 0x000002c59f5c4010 code [0x000002c59f5c41a0, 0x000002c59f5c4458]
Event: 4.619 Thread 0x000002c5aebd7800 2980       4       java.lang.String::compareTo (63 bytes)
Event: 4.619 Thread 0x000002c5aebdb800 2981       3       org.codehaus.groovy.reflection.CachedMethod::isStatic (8 bytes)
Event: 4.619 Thread 0x000002c5aebdb800 nmethod 2981 0x000002c598524c10 code [0x000002c598524dc0, 0x000002c598524f98]
Event: 4.619 Thread 0x000002c5aebdb800 2984       3       org.codehaus.groovy.runtime.metaclass.NewMetaMethod::<init> (56 bytes)
Event: 4.619 Thread 0x000002c5aebdb800 nmethod 2984 0x000002c598525090 code [0x000002c5985252e0, 0x000002c598525c58]
Event: 4.619 Thread 0x000002c5aebdb800 2982       3       org.codehaus.groovy.runtime.metaclass.MethodHelper::isStatic (19 bytes)
Event: 4.620 Thread 0x000002c5aebdb800 nmethod 2982 0x000002c598525f90 code [0x000002c598526140, 0x000002c598526298]
Event: 4.620 Thread 0x000002c5aebdb800 2983       3       org.codehaus.groovy.reflection.CachedMethod::getParamsCount (6 bytes)
Event: 4.620 Thread 0x000002c5aebd7800 nmethod 2980 0x000002c59f5c4690 code [0x000002c59f5c4820, 0x000002c59f5c4a38]
Event: 4.620 Thread 0x000002c5aebdb800 nmethod 2983 0x000002c598526390 code [0x000002c598526560, 0x000002c5985267c8]
Event: 4.620 Thread 0x000002c5aebdb800 2985       3       org.codehaus.groovy.runtime.metaclass.ReflectionMetaMethod::<init> (18 bytes)
Event: 4.620 Thread 0x000002c5aebdb800 nmethod 2985 0x000002c598526910 code [0x000002c598526b00, 0x000002c598527068]

GC Heap History (7 events):
Event: 0.657 GC heap before
{Heap before GC invocations=0 (full 0):
 garbage-first heap   total 260096K, used 29696K [0x0000000080000000, 0x0000000100000000)
  region size 1024K, 24 young (24576K), 0 survivors (0K)
 Metaspace       used 9848K, capacity 10050K, committed 10112K, reserved 1058816K
  class space    used 1028K, capacity 1102K, committed 1152K, reserved 1048576K
}
Event: 0.671 GC heap after
{Heap after GC invocations=1 (full 0):
 garbage-first heap   total 260096K, used 9021K [0x0000000080000000, 0x0000000100000000)
  region size 1024K, 3 young (3072K), 3 survivors (3072K)
 Metaspace       used 9848K, capacity 10050K, committed 10112K, reserved 1058816K
  class space    used 1028K, capacity 1102K, committed 1152K, reserved 1048576K
}
Event: 3.175 GC heap before
{Heap before GC invocations=1 (full 0):
 garbage-first heap   total 260096K, used 107325K [0x0000000080000000, 0x0000000100000000)
  region size 1024K, 100 young (102400K), 3 survivors (3072K)
 Metaspace       used 20686K, capacity 21176K, committed 21296K, reserved 1069056K
  class space    used 2528K, capacity 2674K, committed 2688K, reserved 1048576K
}
Event: 3.184 GC heap after
{Heap after GC invocations=2 (full 0):
 garbage-first heap   total 260096K, used 17067K [0x0000000080000000, 0x0000000100000000)
  region size 1024K, 11 young (11264K), 11 survivors (11264K)
 Metaspace       used 20686K, capacity 21176K, committed 21296K, reserved 1069056K
  class space    used 2528K, capacity 2674K, committed 2688K, reserved 1048576K
}
Event: 3.959 GC heap before
{Heap before GC invocations=3 (full 0):
 garbage-first heap   total 260096K, used 90795K [0x0000000080000000, 0x0000000100000000)
  region size 1024K, 75 young (76800K), 11 survivors (11264K)
 Metaspace       used 27061K, capacity 27864K, committed 28080K, reserved 1073152K
  class space    used 3552K, capacity 3819K, committed 3840K, reserved 1048576K
}
Event: 3.968 GC heap after
{Heap after GC invocations=4 (full 0):
 garbage-first heap   total 260096K, used 33141K [0x0000000080000000, 0x0000000100000000)
  region size 1024K, 7 young (7168K), 7 survivors (7168K)
 Metaspace       used 27061K, capacity 27864K, committed 28080K, reserved 1073152K
  class space    used 3552K, capacity 3819K, committed 3840K, reserved 1048576K
}
Event: 4.622 GC heap before
{Heap before GC invocations=4 (full 0):
 garbage-first heap   total 260096K, used 92533K [0x0000000080000000, 0x0000000100000000)
  region size 1024K, 66 young (67584K), 7 survivors (7168K)
 Metaspace       used 34517K, capacity 35475K, committed 35632K, reserved 1079296K
  class space    used 4536K, capacity 4890K, committed 4992K, reserved 1048576K
}

Deoptimization events (20 events):
Event: 4.426 Thread 0x000002c5aed51800 Uncommon trap: trap_request=0xffffff4d fr.pc=0x000002c59f57b8d8 relative=0x0000000000000e38
Event: 4.426 Thread 0x000002c5aed51800 Uncommon trap: reason=unstable_if action=reinterpret pc=0x000002c59f57b8d8 method=java.lang.ClassLoader.getClassLoadingLock(Ljava/lang/String;)Ljava/lang/Object; @ 6 c2
Event: 4.426 Thread 0x000002c5aed51800 DEOPT PACKING pc=0x000002c59f57b8d8 sp=0x000000e9fcaf76b0
Event: 4.426 Thread 0x000002c5aed51800 DEOPT UNPACKING pc=0x000002c59799662f sp=0x000000e9fcaf7610 mode 2
Event: 4.456 Thread 0x000002c5aed51800 Uncommon trap: trap_request=0xffffffc6 fr.pc=0x000002c59f566ba0 relative=0x00000000000005a0
Event: 4.457 Thread 0x000002c5aed51800 Uncommon trap: reason=bimorphic_or_optimized_type_check action=maybe_recompile pc=0x000002c59f566ba0 method=java.io.BufferedInputStream.read([BII)I @ 101 c2
Event: 4.457 Thread 0x000002c5aed51800 DEOPT PACKING pc=0x000002c59f566ba0 sp=0x000000e9fcaf84d0
Event: 4.457 Thread 0x000002c5aed51800 DEOPT UNPACKING pc=0x000002c59799662f sp=0x000000e9fcaf8488 mode 2
Event: 4.457 Thread 0x000002c5aed51800 Uncommon trap: trap_request=0xffffffc6 fr.pc=0x000002c59f566ba0 relative=0x00000000000005a0
Event: 4.457 Thread 0x000002c5aed51800 Uncommon trap: reason=bimorphic_or_optimized_type_check action=maybe_recompile pc=0x000002c59f566ba0 method=java.io.BufferedInputStream.read([BII)I @ 101 c2
Event: 4.457 Thread 0x000002c5aed51800 DEOPT PACKING pc=0x000002c59f566ba0 sp=0x000000e9fcaf84d0
Event: 4.457 Thread 0x000002c5aed51800 DEOPT UNPACKING pc=0x000002c59799662f sp=0x000000e9fcaf8488 mode 2
Event: 4.457 Thread 0x000002c5aed51800 Uncommon trap: trap_request=0xffffffc6 fr.pc=0x000002c59f566ba0 relative=0x00000000000005a0
Event: 4.457 Thread 0x000002c5aed51800 Uncommon trap: reason=bimorphic_or_optimized_type_check action=maybe_recompile pc=0x000002c59f566ba0 method=java.io.BufferedInputStream.read([BII)I @ 101 c2
Event: 4.457 Thread 0x000002c5aed51800 DEOPT PACKING pc=0x000002c59f566ba0 sp=0x000000e9fcaf84d0
Event: 4.457 Thread 0x000002c5aed51800 DEOPT UNPACKING pc=0x000002c59799662f sp=0x000000e9fcaf8488 mode 2
Event: 4.458 Thread 0x000002c5aed51800 Uncommon trap: trap_request=0xffffffc6 fr.pc=0x000002c59f566ba0 relative=0x00000000000005a0
Event: 4.458 Thread 0x000002c5aed51800 Uncommon trap: reason=bimorphic_or_optimized_type_check action=maybe_recompile pc=0x000002c59f566ba0 method=java.io.BufferedInputStream.read([BII)I @ 101 c2
Event: 4.458 Thread 0x000002c5aed51800 DEOPT PACKING pc=0x000002c59f566ba0 sp=0x000000e9fcaf84d0
Event: 4.458 Thread 0x000002c5aed51800 DEOPT UNPACKING pc=0x000002c59799662f sp=0x000000e9fcaf8488 mode 2

Classes redefined (0 events):
No events

Internal exceptions (20 events):
Event: 3.955 Thread 0x000002c5aed51800 Exception <a 'java/lang/NoSuchMethodError'{0x000000008be98790}: <clinit>> (0x000000008be98790) thrown at [./src/hotspot/share/prims/jni.cpp, line 1362]
Event: 4.041 Thread 0x000002c5aed51800 Exception <a 'java/lang/NoSuchMethodError'{0x000000008f3254e0}: 'java.lang.Object java.lang.invoke.DirectMethodHandle$Holder.invokeSpecialIFC(java.lang.Object, java.lang.Object, java.lang.Object, java.lang.Object)'> (0x000000008f3254e0) thrown at [./src/hotspot/share/interpreter/linkResolver.cpp, line 773]
Event: 4.047 Thread 0x000002c5aed51800 Exception <a 'java/lang/NoSuchMethodError'{0x000000008f208470}: 'java.lang.Object java.lang.invoke.DirectMethodHandle$Holder.invokeSpecial(java.lang.Object, java.lang.Object, java.lang.Object, java.lang.Object, java.lang.Object, java.lang.Object, java.lang.Object, java.lang.Object, java.lang.Object, java.lang.Object, java.lang.Object, java.lang.Object, java.lang.Object)'> (0x000000008f208470) thrown at [./src/hotspot/share/interpreter/linkResolver.cpp, line 773]
Event: 4.047 Thread 0x000002c5aed51800 Exception <a 'java/lang/NoSuchMethodError'{0x000000008f2192d0}: 'java.lang.Object java.lang.invoke.DirectMethodHandle$Holder.invokeSpecial(java.lang.Object, java.lang.Object, java.lang.Object, java.lang.Object, java.lang.Object, java.lang.Object, java.lang.Object, java.lang.Object, java.lang.Object, java.lang.Object, java.lang.Object, java.lang.Object)'> (0x000000008f2192d0) thrown at [./src/hotspot/share/interpreter/linkResolver.cpp, line 773]
Event: 4.048 Thread 0x000002c5aed51800 Exception <a 'java/lang/NoSuchMethodError'{0x000000008f21e3f8}: 'java.lang.Object java.lang.invoke.Invokers$Holder.linkToTargetMethod(java.lang.Object, java.lang.Object, java.lang.Object, java.lang.Object, java.lang.Object, java.lang.Object, java.lang.Object, java.lang.Object, java.lang.Object, java.lang.Object, java.lang.Object)'> (0x000000008f21e3f8) thrown at [./src/hotspot/share/interpreter/linkResolver.cpp, line 773]
Event: 4.056 Thread 0x000002c5aed51800 Exception <a 'java/lang/NoSuchMethodError'{0x000000008f16df98}: 'java.lang.Object java.lang.invoke.DirectMethodHandle$Holder.invokeSpecial(java.lang.Object, java.lang.Object, java.lang.Object, java.lang.Object, java.lang.Object, java.lang.Object, java.lang.Object, java.lang.Object, java.lang.Object, java.lang.Object, java.lang.Object, java.lang.Object, java.lang.Object, java.lang.Object)'> (0x000000008f16df98) thrown at [./src/hotspot/share/interpreter/linkResolver.cpp, line 773]
Event: 4.057 Thread 0x000002c5aed51800 Exception <a 'java/lang/NoSuchMethodError'{0x000000008f17f610}: 'java.lang.Object java.lang.invoke.Invokers$Holder.linkToTargetMethod(java.lang.Object, java.lang.Object, java.lang.Object, java.lang.Object, java.lang.Object, java.lang.Object, java.lang.Object, java.lang.Object, java.lang.Object, java.lang.Object, java.lang.Object, java.lang.Object)'> (0x000000008f17f610) thrown at [./src/hotspot/share/interpreter/linkResolver.cpp, line 773]
Event: 4.061 Thread 0x000002c5aed51800 Exception <a 'java/lang/NoSuchMethodError'{0x000000008f014a80}: 'java.lang.Object java.lang.invoke.DirectMethodHandle$Holder.invokeStaticInit(java.lang.Object, java.lang.Object, java.lang.Object, java.lang.Object)'> (0x000000008f014a80) thrown at [./src/hotspot/share/interpreter/linkResolver.cpp, line 773]
Event: 4.134 Thread 0x000002c5aed51800 Implicit null exception at 0x000002c59f52a0f5 to 0x000002c59f52a2bc
Event: 4.134 Thread 0x000002c5aed51800 Implicit null exception at 0x000002c59f4ef7af to 0x000002c59f4ef81d
Event: 4.244 Thread 0x000002c5aed51800 Exception <a 'java/lang/NoSuchMethodError'{0x000000008dfa0ec0}: 'java.lang.Object java.lang.invoke.Invokers$Holder.linkToTargetMethod(java.lang.Object, java.lang.Object, java.lang.Object, java.lang.Object, java.lang.Object, java.lang.Object, java.lang.Object, java.lang.Object)'> (0x000000008dfa0ec0) thrown at [./src/hotspot/share/interpreter/linkResolver.cpp, line 773]
Event: 4.247 Thread 0x000002c5aed51800 Exception <a 'java/lang/NoSuchMethodError'{0x000000008dfd55c0}: 'java.lang.Object java.lang.invoke.DirectMethodHandle$Holder.invokeVirtual(java.lang.Object, java.lang.Object, java.lang.Object)'> (0x000000008dfd55c0) thrown at [./src/hotspot/share/interpreter/linkResolver.cpp, line 773]
Event: 4.257 Thread 0x000002c5aed51800 Exception <a 'java/lang/NoSuchMethodError'{0x000000008dea8908}: 'java.lang.Object java.lang.invoke.Invokers$Holder.linkToTargetMethod(java.lang.Object, java.lang.Object, java.lang.Object, java.lang.Object, java.lang.Object, java.lang.Object, java.lang.Object)'> (0x000000008dea8908) thrown at [./src/hotspot/share/interpreter/linkResolver.cpp, line 773]
Event: 4.260 Thread 0x000002c5aed51800 Exception <a 'java/lang/IncompatibleClassChangeError'{0x000000008dee6ec0}: Found class java.lang.Object, but interface was expected> (0x000000008dee6ec0) thrown at [./src/hotspot/share/interpreter/linkResolver.cpp, line 839]
Event: 4.297 Thread 0x000002c5aed51800 Exception <a 'java/lang/NoSuchMethodError'{0x000000008da76a20}: 'int java.lang.invoke.DirectMethodHandle$Holder.invokeVirtual(java.lang.Object, java.lang.Object)'> (0x000000008da76a20) thrown at [./src/hotspot/share/interpreter/linkResolver.cpp, line 773]
Event: 4.406 Thread 0x000002c5aed51800 Exception <a 'java/lang/NoSuchMethodError'{0x000000008cf89590}: 'int java.lang.invoke.DirectMethodHandle$Holder.invokeStatic(java.lang.Object, java.lang.Object, java.lang.Object, java.lang.Object, java.lang.Object)'> (0x000000008cf89590) thrown at [./src/hotspot/share/interpreter/linkResolver.cpp, line 773]
Event: 4.438 Thread 0x000002c5aed51800 Exception <a 'java/lang/NoSuchMethodError'{0x000000008cdacee0}: 'void java.lang.invoke.DirectMethodHandle$Holder.invokeStaticInit(java.lang.Object, java.lang.Object, java.lang.Object, java.lang.Object)'> (0x000000008cdacee0) thrown at [./src/hotspot/share/interpreter/linkResolver.cpp, line 773]
Event: 4.503 Thread 0x000002c5aed51800 Exception <a 'java/lang/NoSuchMethodError'{0x000000008c9e5968}: 'void java.lang.invoke.DirectMethodHandle$Holder.invokeStaticInit(java.lang.Object, java.lang.Object, java.lang.Object)'> (0x000000008c9e5968) thrown at [./src/hotspot/share/interpreter/linkResolver.cpp, line 773]
Event: 4.505 Thread 0x000002c5aed51800 Exception <a 'java/lang/NoSuchMethodError'{0x000000008c80b638}: 'void java.lang.invoke.DirectMethodHandle$Holder.invokeStaticInit(java.lang.Object, java.lang.Object, java.lang.Object, java.lang.Object, java.lang.Object)'> (0x000000008c80b638) thrown at [./src/hotspot/share/interpreter/linkResolver.cpp, line 773]
Event: 4.530 Thread 0x000002c5aed51800 Exception <a 'java/lang/NoSuchMethodError'{0x000000008c882750}: 'int java.lang.invoke.DirectMethodHandle$Holder.invokeStaticInit(java.lang.Object, java.lang.Object, java.lang.Object, java.lang.Object)'> (0x000000008c882750) thrown at [./src/hotspot/share/interpreter/linkResolver.cpp, line 773]

Events (20 events):
Event: 4.615 Executing VM operation: RevokeBias done
Event: 4.615 loading class org/apache/groovy/nio/extensions/NioExtensions
Event: 4.615 loading class org/apache/groovy/nio/extensions/NioExtensions done
Event: 4.617 loading class groovy/io/FileVisitResult
Event: 4.617 loading class groovy/io/FileVisitResult done
Event: 4.618 loading class java/nio/file/WatchService
Event: 4.618 loading class java/nio/file/WatchService done
Event: 4.618 loading class java/nio/file/WatchEvent$Kind
Event: 4.618 loading class java/nio/file/WatchEvent$Kind done
Event: 4.618 loading class java/nio/file/WatchKey
Event: 4.618 loading class java/nio/file/WatchKey done
Event: 4.618 loading class java/nio/file/WatchEvent$Modifier
Event: 4.618 loading class java/nio/file/WatchEvent$Modifier done
Event: 4.619 Executing VM operation: RevokeBias
Event: 4.620 Executing VM operation: RevokeBias done
Event: 4.620 loading class org/apache/groovy/sql/extensions/SqlExtensions
Event: 4.620 loading class org/apache/groovy/sql/extensions/SqlExtensions done
Event: 4.621 loading class groovy/sql/GroovyResultSet
Event: 4.621 loading class groovy/sql/GroovyResultSet done
Event: 4.622 Executing VM operation: CollectForMetadataAllocation


Dynamic libraries:
0x00007ff6934b0000 - 0x00007ff6934ba000 	C:\Program Files\Android\Android Studio\jre\bin\java.exe
0x00007ffa782e0000 - 0x00007ffa784e9000 	C:\WINDOWS\SYSTEM32\ntdll.dll
0x00007ffa77fd0000 - 0x00007ffa7808d000 	C:\WINDOWS\System32\KERNEL32.DLL
0x00007ffa75c90000 - 0x00007ffa76004000 	C:\WINDOWS\System32\KERNELBASE.dll
0x00007ffa75920000 - 0x00007ffa75a31000 	C:\WINDOWS\System32\ucrtbase.dll
0x00007ffa50860000 - 0x00007ffa50879000 	C:\Program Files\Android\Android Studio\jre\bin\jli.dll
0x00007ffa50bd0000 - 0x00007ffa50be7000 	C:\Program Files\Android\Android Studio\jre\bin\VCRUNTIME140.dll
0x00007ffa77c80000 - 0x00007ffa77e2c000 	C:\WINDOWS\System32\USER32.dll
0x00007ffa5d0f0000 - 0x00007ffa5d395000 	C:\WINDOWS\WinSxS\amd64_microsoft.windows.common-controls_6595b64144ccf1df_6.0.22000.120_none_9d947278b86cc467\COMCTL32.dll
0x00007ffa757d0000 - 0x00007ffa757f6000 	C:\WINDOWS\System32\win32u.dll
0x00007ffa77f20000 - 0x00007ffa77fc3000 	C:\WINDOWS\System32\msvcrt.dll
0x00007ffa77750000 - 0x00007ffa77779000 	C:\WINDOWS\System32\GDI32.dll
0x00007ffa75ab0000 - 0x00007ffa75bc2000 	C:\WINDOWS\System32\gdi32full.dll
0x00007ffa75880000 - 0x00007ffa7591d000 	C:\WINDOWS\System32\msvcp_win.dll
0x00007ffa77c40000 - 0x00007ffa77c71000 	C:\WINDOWS\System32\IMM32.DLL
0x00007ffa29950000 - 0x00007ffa299ed000 	C:\Program Files\Android\Android Studio\jre\bin\msvcp140.dll
0x00007ffa26630000 - 0x00007ffa27105000 	C:\Program Files\Android\Android Studio\jre\bin\server\jvm.dll
0x00007ffa779d0000 - 0x00007ffa77a7e000 	C:\WINDOWS\System32\ADVAPI32.dll
0x00007ffa76180000 - 0x00007ffa7621e000 	C:\WINDOWS\System32\sechost.dll
0x00007ffa774b0000 - 0x00007ffa775d0000 	C:\WINDOWS\System32\RPCRT4.dll
0x00007ffa78090000 - 0x00007ffa78098000 	C:\WINDOWS\System32\PSAPI.DLL
0x00007ffa62f30000 - 0x00007ffa62f39000 	C:\WINDOWS\SYSTEM32\WSOCK32.dll
0x00007ffa6fd90000 - 0x00007ffa6fdc3000 	C:\WINDOWS\SYSTEM32\WINMM.dll
0x00007ffa6fd10000 - 0x00007ffa6fd1a000 	C:\WINDOWS\SYSTEM32\VERSION.dll
0x00007ffa775d0000 - 0x00007ffa7763f000 	C:\WINDOWS\System32\WS2_32.dll
0x00007ffa74900000 - 0x00007ffa74918000 	C:\WINDOWS\SYSTEM32\kernel.appcore.dll
0x00007ffa71a80000 - 0x00007ffa71a91000 	C:\Program Files\Android\Android Studio\jre\bin\verify.dll
0x00007ffa73480000 - 0x00007ffa736a1000 	C:\WINDOWS\SYSTEM32\DBGHELP.DLL
0x00007ffa576b0000 - 0x00007ffa576e1000 	C:\WINDOWS\SYSTEM32\dbgcore.DLL
0x00007ffa75800000 - 0x00007ffa7587f000 	C:\WINDOWS\System32\bcryptPrimitives.dll
0x00007ffa64ac0000 - 0x00007ffa64ae9000 	C:\Program Files\Android\Android Studio\jre\bin\java.dll
0x00007ffa71b80000 - 0x00007ffa71b8b000 	C:\Program Files\Android\Android Studio\jre\bin\jimage.dll
0x00007ffa64b80000 - 0x00007ffa64b98000 	C:\Program Files\Android\Android Studio\jre\bin\zip.dll
0x00007ffa76bd0000 - 0x00007ffa7737e000 	C:\WINDOWS\System32\SHELL32.dll
0x00007ffa73900000 - 0x00007ffa74168000 	C:\WINDOWS\SYSTEM32\windows.storage.dll
0x00007ffa76230000 - 0x00007ffa765a8000 	C:\WINDOWS\System32\combase.dll
0x00007ffa73790000 - 0x00007ffa738f6000 	C:\WINDOWS\SYSTEM32\wintypes.dll
0x00007ffa77b50000 - 0x00007ffa77c3a000 	C:\WINDOWS\System32\SHCORE.dll
0x00007ffa76a80000 - 0x00007ffa76add000 	C:\WINDOWS\System32\shlwapi.dll
0x00007ffa75700000 - 0x00007ffa75721000 	C:\WINDOWS\SYSTEM32\profapi.dll
0x00007ffa63c00000 - 0x00007ffa63c1a000 	C:\Program Files\Android\Android Studio\jre\bin\net.dll
0x00007ffa6eae0000 - 0x00007ffa6ebec000 	C:\WINDOWS\SYSTEM32\WINHTTP.dll
0x00007ffa74d60000 - 0x00007ffa74dc7000 	C:\WINDOWS\system32\mswsock.dll
0x00007ffa5fef0000 - 0x00007ffa5ff04000 	C:\Program Files\Android\Android Studio\jre\bin\nio.dll
0x00007ffa50a90000 - 0x00007ffa50ab7000 	C:\Users\anas\.gradle\native\e1d6ef7f7dcc3fd88c89a11ec53ec762bb8ba0a96d01ffa2cd45eb1d1d8dd5c5\windows-amd64\native-platform.dll
0x00007ffa27ab0000 - 0x00007ffa27bf4000 	C:\Users\anas\.gradle\native\5664cfc778a61ccfe75a443a1ab52a65af34e5dc3c78e0209fed803814484fcb\windows-amd64\native-platform-file-events.dll
0x00007ffa71240000 - 0x00007ffa7124a000 	C:\Program Files\Android\Android Studio\jre\bin\management.dll
0x00007ffa70800000 - 0x00007ffa7080d000 	C:\Program Files\Android\Android Studio\jre\bin\management_ext.dll
0x00007ffa75020000 - 0x00007ffa75038000 	C:\WINDOWS\SYSTEM32\CRYPTSP.dll
0x00007ffa74860000 - 0x00007ffa74895000 	C:\WINDOWS\system32\rsaenh.dll
0x00007ffa74ec0000 - 0x00007ffa74ee9000 	C:\WINDOWS\SYSTEM32\USERENV.dll
0x00007ffa751b0000 - 0x00007ffa751d7000 	C:\WINDOWS\SYSTEM32\bcrypt.dll
0x00007ffa75010000 - 0x00007ffa7501c000 	C:\WINDOWS\SYSTEM32\CRYPTBASE.dll
0x00007ffa74380000 - 0x00007ffa743ad000 	C:\WINDOWS\SYSTEM32\IPHLPAPI.DLL
0x00007ffa77380000 - 0x00007ffa77389000 	C:\WINDOWS\System32\NSI.dll
0x00007ffa6fbd0000 - 0x00007ffa6fbe9000 	C:\WINDOWS\SYSTEM32\dhcpcsvc6.DLL
0x00007ffa6fd70000 - 0x00007ffa6fd8e000 	C:\WINDOWS\SYSTEM32\dhcpcsvc.DLL
0x00007ffa743e0000 - 0x00007ffa744c7000 	C:\WINDOWS\SYSTEM32\DNSAPI.dll

dbghelp: loaded successfully - version: 4.0.5 - missing functions: none
symbol engine: initialized successfully - sym options: 0x614 - pdb path: .;C:\Program Files\Android\Android Studio\jre\bin;C:\WINDOWS\SYSTEM32;C:\WINDOWS\WinSxS\amd64_microsoft.windows.common-controls_6595b64144ccf1df_6.0.22000.120_none_9d947278b86cc467;C:\Program Files\Android\Android Studio\jre\bin\server;C:\Users\anas\.gradle\native\e1d6ef7f7dcc3fd88c89a11ec53ec762bb8ba0a96d01ffa2cd45eb1d1d8dd5c5\windows-amd64;C:\Users\anas\.gradle\native\5664cfc778a61ccfe75a443a1ab52a65af34e5dc3c78e0209fed803814484fcb\windows-amd64

VM Arguments:
jvm_args: --add-opens=java.base/java.util=ALL-UNNAMED --add-opens=java.base/java.lang=ALL-UNNAMED --add-opens=java.base/java.lang.invoke=ALL-UNNAMED --add-opens=java.base/java.util=ALL-UNNAMED --add-opens=java.prefs/java.util.prefs=ALL-UNNAMED --add-opens=java.prefs/java.util.prefs=ALL-UNNAMED --add-opens=java.base/java.nio.charset=ALL-UNNAMED --add-opens=java.base/java.net=ALL-UNNAMED --add-opens=java.base/java.util.concurrent.atomic=ALL-UNNAMED -Xmx2048m -Dfile.encoding=UTF-8 -Duser.country=US -Duser.language=en -Duser.variant 
java_command: org.gradle.launcher.daemon.bootstrap.GradleDaemon 7.2
java_class_path (initial): C:\Users\anas\.gradle\wrapper\dists\gradle-7.2-bin\2dnblmf4td7x66yl1d74lt32g\gradle-7.2\lib\gradle-launcher-7.2.jar
Launcher Type: SUN_STANDARD

[Global flags]
     intx CICompilerCount                          = 4                                         {product} {ergonomic}
     uint ConcGCThreads                            = 2                                         {product} {ergonomic}
     uint G1ConcRefinementThreads                  = 8                                         {product} {ergonomic}
   size_t G1HeapRegionSize                         = 1048576                                   {product} {ergonomic}
    uintx GCDrainStackTargetSize                   = 64                                        {product} {ergonomic}
   size_t InitialHeapSize                          = 266338304                                 {product} {ergonomic}
   size_t MarkStackSize                            = 4194304                                   {product} {ergonomic}
   size_t MaxHeapSize                              = 2147483648                                {product} {command line}
   size_t MaxNewSize                               = 1287651328                                {product} {ergonomic}
   size_t MinHeapDeltaBytes                        = 1048576                                   {product} {ergonomic}
    uintx NonNMethodCodeHeapSize                   = 5836300                                {pd product} {ergonomic}
    uintx NonProfiledCodeHeapSize                  = 122910970                              {pd product} {ergonomic}
    uintx ProfiledCodeHeapSize                     = 122910970                              {pd product} {ergonomic}
    uintx ReservedCodeCacheSize                    = 251658240                              {pd product} {ergonomic}
     bool SegmentedCodeCache                       = true                                      {product} {ergonomic}
     bool UseCompressedClassPointers               = true                                 {lp64_product} {ergonomic}
     bool UseCompressedOops                        = true                                 {lp64_product} {ergonomic}
     bool UseG1GC                                  = true                                      {product} {ergonomic}
     bool UseLargePagesIndividualAllocation        = false                                  {pd product} {ergonomic}

Logging:
Log output configuration:
 #0: stdout all=warning uptime,level,tags
 #1: stderr all=off uptime,level,tags

Environment Variables:
JAVA_HOME=C:\Program Files\Java\jdk1.8.0_211
CLASSPATH=.;
PATH=C:\Program Files\Python37\Scripts\;C:\Program Files\Python37\;C:\Python38\Scripts\;C:\Python38\;C:\Python27\;C:\Python27\Scripts;C:\Program Files (x86)\Common Files\Oracle\Java\javapath;C:\Windows\system32;C:\Windows;C:\Windows\System32\Wbem;C:\Windows\System32\WindowsPowerShell\v1.0\;C:\Windows\System32\OpenSSH\;C:\Program Files (x86)\NVIDIA Corporation\PhysX\Common;C:\Program Files\NVIDIA Corporation\NVIDIA NvDLISR;C:\Program Files (x86)\Git\cmd;C:\src\dart-sdk\bin;C:\ProgramData\chocolatey\bin;C:\Users\anas\AppData\Local\Android\Sdk\platform-tools;C:\Users\anas\AppData\Local\Android\Sdk\tools;C:\Python38;C:\Program Files\Java\jdk1.8.0_251\bin;C:\gradle\gradle-5.6.4\bin;C:\Program Files\Java\jdk1.8.0_211\bin;C:\Users\anas\AppData\Local\Android\Sdk\ndk-bundle;C:\Program Files\dotnet\;C:\Program Files\nodejs\;C:\Program Files\PuTTY\;C:\Program Files\Inkscape\bin;C:\xampp\php;C:\ProgramData\ComposerSetup\bin;C:\Program Files\Go\bin;C:\WINDOWS\system32;C:\WINDOWS;C:\WINDOWS\System32\Wbem;C:\WINDOWS\System32\WindowsPowerShell\v1.0\;C:\WINDOWS\System32\OpenSSH\;C:\Program Files\Docker\Docker\resources\bin;C:\ProgramData\DockerDesktop\version-bin;C:\Program Files (x86)\dotnet\;C:\Users\anas\AppData\Local\Microsoft\WindowsApps;C:\Users\anas\AppData\Local\Programs\Microsoft VS Code\bin;C:\src\flutter\bin;C:\src\dart-sdk\bin;C:\Users\anas\AppData\Local\Android\Sdk\platform-tools;C:\Users\anas\AppData\Local\Android\Sdk\tools;C:\Python38;C:\Program Files\Java\jdk1.8.0_251\bin;C:\gradle\gradle-5.6.4\bin;C:\Users\anas\AppData\Local\Android\Sdk\ndk-bundle;C:\Users\anas\AppData\Roaming\npm;C:\xampp\php;C:\Users\anas\AppData\Roaming\Composer\vendor\bin;C:\Users\anas\AppData\Local\gitkraken\bin;C:\Users\anas\go\bin;C:\Users\anas\AppData\Local\Microsoft\WindowsApps;C:\tools\dart-sdk\bin;C:\Users\anas\AppData\Roaming\Pub\Cache\bin;C:\Users\anas\AppData\Local\GitHubDesktop\bin;
USERNAME=anas
OS=Windows_NT
PROCESSOR_IDENTIFIER=Intel64 Family 6 Model 158 Stepping 10, GenuineIntel



---------------  S Y S T E M  ---------------

OS: Windows 10 , 64 bit Build 22000 (10.0.22000.434)
OS uptime: 10 days 1:13 hours
Hyper-V role detected

CPU:total 8 (initial active 8) (4 cores per cpu, 2 threads per core) family 6 model 158 stepping 10 microcode 0xde, cmov, cx8, fxsr, mmx, sse, sse2, sse3, ssse3, sse4.1, sse4.2, popcnt, avx, avx2, aes, clmul, erms, 3dnowpref, lzcnt, ht, tsc, tscinvbit, bmi1, bmi2, adx, fma

Memory: 4k page, system-wide physical 16236M (1937M free)
TotalPageFile size 32620M (AvailPageFile size 8M)
current process WorkingSet (physical memory assigned to process): 289M, peak: 290M
current process commit charge ("private bytes"): 446M, peak: 449M

vm_info: OpenJDK 64-Bit Server VM (11.0.11+9-b60-7590822) for windows-amd64 JRE (11.0.11+9-b60-7590822), built on Jul 29 2021 21:43:44 by "builder" with MS VC++ 14.0 (VS2015)

END.
